ARM GAS  C:\Users\bkettle\AppData\Local\Temp\ccxTZnPR.s 			page 1


   1              		.syntax unified
   2              		.cpu cortex-m3
   3              		.fpu softvfp
   4              		.eabi_attribute 20, 1
   5              		.eabi_attribute 21, 1
   6              		.eabi_attribute 23, 3
   7              		.eabi_attribute 24, 1
   8              		.eabi_attribute 25, 1
   9              		.eabi_attribute 26, 1
  10              		.eabi_attribute 30, 1
  11              		.eabi_attribute 34, 1
  12              		.eabi_attribute 18, 4
  13              		.thumb
  14              		.syntax unified
  15              		.file	"pk_keyboard.c"
  16              		.text
  17              	.Ltext0:
  18              		.cfi_sections	.debug_frame
  19              		.section	.text.KB_TypeChar,"ax",%progbits
  20              		.align	2
  21              		.global	KB_TypeChar
  22              		.thumb
  23              		.thumb_func
  24              		.type	KB_TypeChar, %function
  25              	KB_TypeChar:
  26              	.LFB63:
  27              		.file 1 "pk_keyboard.c"
   1:pk_keyboard.c **** /********************************************************
   2:pk_keyboard.c **** *     KEYBOARD EMULATION STUFF                          *
   3:pk_keyboard.c **** ********************************************************/
   4:pk_keyboard.c **** 
   5:pk_keyboard.c **** #include <pk_keyboard.h>
   6:pk_keyboard.c **** 
   7:pk_keyboard.c **** // initialize keyboard variables
   8:pk_keyboard.c **** bool KB_Initialized = false;
   9:pk_keyboard.c **** int8 KB_Data[8] = {0, 0, 0, 0, 0, 0, 0, 0}; // [0]: Modifiers [1]: reserved [2:7]: Key codes
  10:pk_keyboard.c **** 
  11:pk_keyboard.c **** // this will start at ascii 32 to get to keyboard values
  12:pk_keyboard.c **** hid_usage ascii_to_hid[] = {
  13:pk_keyboard.c ****     {0x2c, 0}, {0x1e, 1}, {0x34, 1}, {0x20, 1}, {0x21, 1}, {0x22, 1}, {0x24, 1}, {0x34, 0}, {0x26, 
  14:pk_keyboard.c ****     {0x27, 0}, {0x1e, 0}, {0x1f, 0}, {0x20, 0}, {0x21, 0}, {0x22, 0}, {0x23, 0}, {0x24, 0}, {0x25, 
  15:pk_keyboard.c ****     {0x1f, 1}, {0x04, 1}, {0x05, 1}, {0x06, 1}, {0x07, 1}, {0x08, 1}, {0x09, 1}, {0x0a, 1}, {0x0b, 
  16:pk_keyboard.c ****     {0x13, 1}, {0x14, 1}, {0x15, 1}, {0x16, 1}, {0x17, 1}, {0x18, 1}, {0x19, 1}, {0x1a, 1}, {0x1b, 
  17:pk_keyboard.c ****     {0x35, 0}, {0x04, 0}, {0x05, 0}, {0x06, 0}, {0x07, 0}, {0x08, 0}, {0x09, 0}, {0x0a, 0}, {0x0b, 
  18:pk_keyboard.c ****     {0x13, 0}, {0x14, 0}, {0x15, 0}, {0x16, 0}, {0x17, 0}, {0x18, 0}, {0x19, 0}, {0x1a, 0}, {0x1b, 
  19:pk_keyboard.c **** };
  20:pk_keyboard.c **** 
  21:pk_keyboard.c **** void KB_TypeChar(hid_usage hid_id) {
  28              		.loc 1 21 0
  29              		.cfi_startproc
  30              		@ args = 0, pretend = 0, frame = 8
  31              		@ frame_needed = 0, uses_anonymous_args = 0
  32 0000 00B5     		push	{lr}
  33              		.cfi_def_cfa_offset 4
  34              		.cfi_offset 14, -4
  35 0002 83B0     		sub	sp, sp, #12
  36              		.cfi_def_cfa_offset 16
ARM GAS  C:\Users\bkettle\AppData\Local\Temp\ccxTZnPR.s 			page 2


  37 0004 02AB     		add	r3, sp, #8
  38 0006 03E90300 		stmdb	r3, {r0, r1}
  39              	.L2:
  22:pk_keyboard.c ****     // send the current char
  23:pk_keyboard.c ****     while(!USBFS_1_bGetEPAckState(1));  			/* Wait for ACK before loading data */
  40              		.loc 1 23 0 discriminator 1
  41 000a 0120     		movs	r0, #1
  42 000c FFF7FEFF 		bl	USBFS_1_GetEPAckState
  43              	.LVL0:
  44 0010 0028     		cmp	r0, #0
  45 0012 FAD0     		beq	.L2
  24:pk_keyboard.c ****     KB_Data[2] = hid_id.uid;
  46              		.loc 1 24 0
  47 0014 0D49     		ldr	r1, .L5
  48 0016 009B     		ldr	r3, [sp]
  49 0018 8B70     		strb	r3, [r1, #2]
  25:pk_keyboard.c ****     KB_Data[0] = 2*(int)hid_id.uppercase;
  50              		.loc 1 25 0
  51 001a 9DF80430 		ldrb	r3, [sp, #4]	@ zero_extendqisi2
  52 001e 5B00     		lsls	r3, r3, #1
  53 0020 0B70     		strb	r3, [r1]
  26:pk_keyboard.c ****     USBFS_1_LoadInEP(1, (uint8 *)KB_Data, 8); 	/* Load latest mouse data into EP1 and send to PC */
  54              		.loc 1 26 0
  55 0022 0822     		movs	r2, #8
  56 0024 0120     		movs	r0, #1
  57 0026 FFF7FEFF 		bl	USBFS_1_LoadInEP
  58              	.LVL1:
  59              	.L3:
  27:pk_keyboard.c ****     
  28:pk_keyboard.c ****     // send a blank keystroke to clear the state of shift
  29:pk_keyboard.c ****     while(!USBFS_1_bGetEPAckState(1));  			/* Wait for ACK before loading data */
  60              		.loc 1 29 0 discriminator 1
  61 002a 0120     		movs	r0, #1
  62 002c FFF7FEFF 		bl	USBFS_1_GetEPAckState
  63              	.LVL2:
  64 0030 0028     		cmp	r0, #0
  65 0032 FAD0     		beq	.L3
  30:pk_keyboard.c ****     KB_Data[2] = 0;
  66              		.loc 1 30 0
  67 0034 0549     		ldr	r1, .L5
  68 0036 0023     		movs	r3, #0
  69 0038 8B70     		strb	r3, [r1, #2]
  31:pk_keyboard.c ****     KB_Data[0] = 0;
  70              		.loc 1 31 0
  71 003a 0B70     		strb	r3, [r1]
  32:pk_keyboard.c ****     USBFS_1_LoadInEP(1, (uint8 *)KB_Data, 8); 	/* Load latest mouse data into EP1 and send to PC */
  72              		.loc 1 32 0
  73 003c 0822     		movs	r2, #8
  74 003e 0120     		movs	r0, #1
  75 0040 FFF7FEFF 		bl	USBFS_1_LoadInEP
  76              	.LVL3:
  33:pk_keyboard.c **** }
  77              		.loc 1 33 0
  78 0044 03B0     		add	sp, sp, #12
  79              		.cfi_def_cfa_offset 4
  80              		@ sp needed
  81 0046 5DF804FB 		ldr	pc, [sp], #4
ARM GAS  C:\Users\bkettle\AppData\Local\Temp\ccxTZnPR.s 			page 3


  82              	.L6:
  83 004a 00BF     		.align	2
  84              	.L5:
  85 004c 00000000 		.word	.LANCHOR0
  86              		.cfi_endproc
  87              	.LFE63:
  88              		.size	KB_TypeChar, .-KB_TypeChar
  89              		.section	.text.ascii_test,"ax",%progbits
  90              		.align	2
  91              		.global	ascii_test
  92              		.thumb
  93              		.thumb_func
  94              		.type	ascii_test, %function
  95              	ascii_test:
  96              	.LFB64:
  34:pk_keyboard.c **** 
  35:pk_keyboard.c **** void ascii_test() {
  97              		.loc 1 35 0
  98              		.cfi_startproc
  99              		@ args = 0, pretend = 0, frame = 0
 100              		@ frame_needed = 0, uses_anonymous_args = 0
 101 0000 10B5     		push	{r4, lr}
 102              		.cfi_def_cfa_offset 8
 103              		.cfi_offset 4, -8
 104              		.cfi_offset 14, -4
 105              	.LVL4:
 106              	.LBB2:
  36:pk_keyboard.c ****     for (unsigned int i=0;i<95;i++){
 107              		.loc 1 36 0
 108 0002 0024     		movs	r4, #0
 109 0004 0DE0     		b	.L8
 110              	.LVL5:
 111              	.L9:
  37:pk_keyboard.c ****         LED_Write(0);
 112              		.loc 1 37 0 discriminator 3
 113 0006 0020     		movs	r0, #0
 114 0008 FFF7FEFF 		bl	LED_Write
 115              	.LVL6:
  38:pk_keyboard.c ****         KB_TypeChar(ascii_to_hid[i]);
 116              		.loc 1 38 0 discriminator 3
 117 000c 064B     		ldr	r3, .L11
 118 000e 03EBC403 		add	r3, r3, r4, lsl #3
 119 0012 93E80300 		ldmia	r3, {r0, r1}
 120 0016 FFF7FEFF 		bl	KB_TypeChar
 121              	.LVL7:
  39:pk_keyboard.c ****         LED_Write(1);
 122              		.loc 1 39 0 discriminator 3
 123 001a 0120     		movs	r0, #1
 124 001c FFF7FEFF 		bl	LED_Write
 125              	.LVL8:
  36:pk_keyboard.c ****         LED_Write(0);
 126              		.loc 1 36 0 discriminator 3
 127 0020 0134     		adds	r4, r4, #1
 128              	.LVL9:
 129              	.L8:
  36:pk_keyboard.c ****         LED_Write(0);
 130              		.loc 1 36 0 is_stmt 0 discriminator 1
ARM GAS  C:\Users\bkettle\AppData\Local\Temp\ccxTZnPR.s 			page 4


 131 0022 5E2C     		cmp	r4, #94
 132 0024 EFD9     		bls	.L9
 133              	.LBE2:
  40:pk_keyboard.c ****     }
  41:pk_keyboard.c **** }
 134              		.loc 1 41 0 is_stmt 1
 135 0026 10BD     		pop	{r4, pc}
 136              	.LVL10:
 137              	.L12:
 138              		.align	2
 139              	.L11:
 140 0028 00000000 		.word	.LANCHOR1
 141              		.cfi_endproc
 142              	.LFE64:
 143              		.size	ascii_test, .-ascii_test
 144              		.section	.text.KB_Initialize,"ax",%progbits
 145              		.align	2
 146              		.global	KB_Initialize
 147              		.thumb
 148              		.thumb_func
 149              		.type	KB_Initialize, %function
 150              	KB_Initialize:
 151              	.LFB65:
  42:pk_keyboard.c **** 
  43:pk_keyboard.c **** void KB_Initialize() {
 152              		.loc 1 43 0
 153              		.cfi_startproc
 154              		@ args = 0, pretend = 0, frame = 0
 155              		@ frame_needed = 0, uses_anonymous_args = 0
  44:pk_keyboard.c ****     // usb keyboard setup
  45:pk_keyboard.c ****     // exit if we already intialized the keyboard
  46:pk_keyboard.c ****     if (KB_Initialized) return;
 156              		.loc 1 46 0
 157 0000 134B     		ldr	r3, .L18
 158 0002 1B7A     		ldrb	r3, [r3, #8]	@ zero_extendqisi2
 159 0004 1BBB     		cbnz	r3, .L17
  43:pk_keyboard.c ****     // usb keyboard setup
 160              		.loc 1 43 0
 161 0006 10B5     		push	{r4, lr}
 162              		.cfi_def_cfa_offset 8
 163              		.cfi_offset 4, -8
 164              		.cfi_offset 14, -4
  47:pk_keyboard.c ****     display_clear();
 165              		.loc 1 47 0
 166 0008 FFF7FEFF 		bl	display_clear
 167              	.LVL11:
  48:pk_keyboard.c ****     gfx_setCursor(20,20);
 168              		.loc 1 48 0
 169 000c 1421     		movs	r1, #20
 170 000e 0846     		mov	r0, r1
 171 0010 FFF7FEFF 		bl	gfx_setCursor
 172              	.LVL12:
  49:pk_keyboard.c ****     gfx_println("initializing keyboard...");
 173              		.loc 1 49 0
 174 0014 0F48     		ldr	r0, .L18+4
 175 0016 FFF7FEFF 		bl	gfx_println
 176              	.LVL13:
ARM GAS  C:\Users\bkettle\AppData\Local\Temp\ccxTZnPR.s 			page 5


  50:pk_keyboard.c ****     gfx_println("must be connected to micro-usb port for kb");
 177              		.loc 1 50 0
 178 001a 0F48     		ldr	r0, .L18+8
 179 001c FFF7FEFF 		bl	gfx_println
 180              	.LVL14:
  51:pk_keyboard.c ****     gfx_println("push to go back");
 181              		.loc 1 51 0
 182 0020 0E48     		ldr	r0, .L18+12
 183 0022 FFF7FEFF 		bl	gfx_println
 184              	.LVL15:
  52:pk_keyboard.c ****     display_update();
 185              		.loc 1 52 0
 186 0026 FFF7FEFF 		bl	display_update
 187              	.LVL16:
  53:pk_keyboard.c ****     CyGlobalIntEnable; /* Enable global interrupts. */
 188              		.loc 1 53 0
 189              		.syntax unified
 190              	@ 53 "pk_keyboard.c" 1
 191 002a 62B6     		CPSIE   i
 192              	@ 0 "" 2
  54:pk_keyboard.c ****     USBFS_1_Start(0, USBFS_1_DWR_VDDD_OPERATION);   /* Start USBFS Operation/device 0 and with 5V o
 193              		.loc 1 54 0
 194              		.thumb
 195              		.syntax unified
 196 002c 0221     		movs	r1, #2
 197 002e 0020     		movs	r0, #0
 198 0030 FFF7FEFF 		bl	USBFS_1_Start
 199              	.LVL17:
 200              	.L15:
  55:pk_keyboard.c **** 	while(!USBFS_1_bGetConfiguration()) {      		/* Wait for Device to enumerate */
 201              		.loc 1 55 0 discriminator 1
 202 0034 FFF7FEFF 		bl	USBFS_1_GetConfiguration
 203              	.LVL18:
 204 0038 0028     		cmp	r0, #0
 205 003a FBD0     		beq	.L15
  56:pk_keyboard.c ****         // should add a timeout here
  57:pk_keyboard.c ****     }
  58:pk_keyboard.c ****     USBFS_1_LoadInEP(1, (uint8 *)KB_Data, 8); 	/* Loads an inital value into EP1 and sends it out t
 206              		.loc 1 58 0
 207 003c 044C     		ldr	r4, .L18
 208 003e 0822     		movs	r2, #8
 209 0040 2146     		mov	r1, r4
 210 0042 0120     		movs	r0, #1
 211 0044 FFF7FEFF 		bl	USBFS_1_LoadInEP
 212              	.LVL19:
  59:pk_keyboard.c ****     KB_Initialized = true;
 213              		.loc 1 59 0
 214 0048 0123     		movs	r3, #1
 215 004a 2372     		strb	r3, [r4, #8]
 216 004c 10BD     		pop	{r4, pc}
 217              	.L17:
 218              		.cfi_def_cfa_offset 0
 219              		.cfi_restore 4
 220              		.cfi_restore 14
 221 004e 7047     		bx	lr
 222              	.L19:
 223              		.align	2
ARM GAS  C:\Users\bkettle\AppData\Local\Temp\ccxTZnPR.s 			page 6


 224              	.L18:
 225 0050 00000000 		.word	.LANCHOR0
 226 0054 00000000 		.word	.LC0
 227 0058 1C000000 		.word	.LC1
 228 005c 48000000 		.word	.LC2
 229              		.cfi_endproc
 230              	.LFE65:
 231              		.size	KB_Initialize, .-KB_Initialize
 232              		.section	.text.KB_TypeString,"ax",%progbits
 233              		.align	2
 234              		.global	KB_TypeString
 235              		.thumb
 236              		.thumb_func
 237              		.type	KB_TypeString, %function
 238              	KB_TypeString:
 239              	.LFB66:
  60:pk_keyboard.c **** }
  61:pk_keyboard.c **** 
  62:pk_keyboard.c **** void KB_TypeString(char* str_to_type, bool draw) {
 240              		.loc 1 62 0
 241              		.cfi_startproc
 242              		@ args = 0, pretend = 0, frame = 0
 243              		@ frame_needed = 0, uses_anonymous_args = 0
 244              	.LVL20:
 245 0000 70B5     		push	{r4, r5, r6, lr}
 246              		.cfi_def_cfa_offset 16
 247              		.cfi_offset 4, -16
 248              		.cfi_offset 5, -12
 249              		.cfi_offset 6, -8
 250              		.cfi_offset 14, -4
 251 0002 0546     		mov	r5, r0
 252 0004 0E46     		mov	r6, r1
  63:pk_keyboard.c ****     // enters the given string through keyboard emulation
  64:pk_keyboard.c ****     // takes a li bit of time
  65:pk_keyboard.c ****     KB_Initialize();
 253              		.loc 1 65 0
 254 0006 FFF7FEFF 		bl	KB_Initialize
 255              	.LVL21:
  66:pk_keyboard.c ****     if (KB_Initialized) {
 256              		.loc 1 66 0
 257 000a 204B     		ldr	r3, .L27
 258 000c 1B7A     		ldrb	r3, [r3, #8]	@ zero_extendqisi2
 259 000e 63B3     		cbz	r3, .L21
  67:pk_keyboard.c ****         if (draw) {
 260              		.loc 1 67 0
 261 0010 56B1     		cbz	r6, .L22
  68:pk_keyboard.c ****             display_clear();
 262              		.loc 1 68 0
 263 0012 FFF7FEFF 		bl	display_clear
 264              	.LVL22:
  69:pk_keyboard.c ****             gfx_setCursor(20,40);
 265              		.loc 1 69 0
 266 0016 2821     		movs	r1, #40
 267 0018 1420     		movs	r0, #20
 268 001a FFF7FEFF 		bl	gfx_setCursor
 269              	.LVL23:
  70:pk_keyboard.c ****             gfx_println("typing...");
ARM GAS  C:\Users\bkettle\AppData\Local\Temp\ccxTZnPR.s 			page 7


 270              		.loc 1 70 0
 271 001e 1C48     		ldr	r0, .L27+4
 272 0020 FFF7FEFF 		bl	gfx_println
 273              	.LVL24:
  71:pk_keyboard.c ****             display_update();
 274              		.loc 1 71 0
 275 0024 FFF7FEFF 		bl	display_update
 276              	.LVL25:
 277              	.L22:
  62:pk_keyboard.c ****     // enters the given string through keyboard emulation
 278              		.loc 1 62 0 discriminator 1
 279 0028 0024     		movs	r4, #0
 280 002a 0AE0     		b	.L23
 281              	.LVL26:
 282              	.L24:
 283              	.LBB3:
 284              	.LBB4:
  72:pk_keyboard.c ****         }
  73:pk_keyboard.c ****         for (unsigned int i = 0; i<strlen(str_to_type); i++) {
  74:pk_keyboard.c ****             // the ascii to hid table starts at ascii 32
  75:pk_keyboard.c ****             int shifted_ascii = (int) str_to_type[i] - 32;
 285              		.loc 1 75 0 discriminator 3
 286 002c 2B5D     		ldrb	r3, [r5, r4]	@ zero_extendqisi2
 287 002e A3F12002 		sub	r2, r3, #32
 288              	.LVL27:
  76:pk_keyboard.c ****             // type the current character
  77:pk_keyboard.c ****             KB_TypeChar(ascii_to_hid[shifted_ascii]);
 289              		.loc 1 77 0 discriminator 3
 290 0032 184B     		ldr	r3, .L27+8
 291 0034 03EBC203 		add	r3, r3, r2, lsl #3
 292 0038 93E80300 		ldmia	r3, {r0, r1}
 293 003c FFF7FEFF 		bl	KB_TypeChar
 294              	.LVL28:
 295              	.LBE4:
  73:pk_keyboard.c ****             // the ascii to hid table starts at ascii 32
 296              		.loc 1 73 0 discriminator 3
 297 0040 0134     		adds	r4, r4, #1
 298              	.LVL29:
 299              	.L23:
  73:pk_keyboard.c ****             // the ascii to hid table starts at ascii 32
 300              		.loc 1 73 0 is_stmt 0 discriminator 1
 301 0042 2846     		mov	r0, r5
 302 0044 FFF7FEFF 		bl	strlen
 303              	.LVL30:
 304 0048 8442     		cmp	r4, r0
 305 004a EFD3     		bcc	.L24
 306              	.LBE3:
  78:pk_keyboard.c ****         }
  79:pk_keyboard.c ****         if (draw) {
 307              		.loc 1 79 0 is_stmt 1
 308 004c E6B1     		cbz	r6, .L20
  80:pk_keyboard.c ****             gfx_setCursor(20,48);
 309              		.loc 1 80 0
 310 004e 3021     		movs	r1, #48
 311 0050 1420     		movs	r0, #20
 312 0052 FFF7FEFF 		bl	gfx_setCursor
 313              	.LVL31:
ARM GAS  C:\Users\bkettle\AppData\Local\Temp\ccxTZnPR.s 			page 8


  81:pk_keyboard.c ****             gfx_println("done!");
 314              		.loc 1 81 0
 315 0056 1048     		ldr	r0, .L27+12
 316 0058 FFF7FEFF 		bl	gfx_println
 317              	.LVL32:
  82:pk_keyboard.c ****             display_update();
 318              		.loc 1 82 0
 319 005c FFF7FEFF 		bl	display_update
 320              	.LVL33:
  83:pk_keyboard.c ****             CyDelay(400);
 321              		.loc 1 83 0
 322 0060 4FF4C870 		mov	r0, #400
 323 0064 FFF7FEFF 		bl	CyDelay
 324              	.LVL34:
 325 0068 70BD     		pop	{r4, r5, r6, pc}
 326              	.LVL35:
 327              	.L21:
  84:pk_keyboard.c ****         }
  85:pk_keyboard.c ****     }
  86:pk_keyboard.c ****     else {
  87:pk_keyboard.c ****         display_clear();
 328              		.loc 1 87 0
 329 006a FFF7FEFF 		bl	display_clear
 330              	.LVL36:
  88:pk_keyboard.c ****         gfx_setCursor(20,40);
 331              		.loc 1 88 0
 332 006e 2821     		movs	r1, #40
 333 0070 1420     		movs	r0, #20
 334 0072 FFF7FEFF 		bl	gfx_setCursor
 335              	.LVL37:
  89:pk_keyboard.c ****         gfx_println("failed, not connected");
 336              		.loc 1 89 0
 337 0076 0948     		ldr	r0, .L27+16
 338 0078 FFF7FEFF 		bl	gfx_println
 339              	.LVL38:
  90:pk_keyboard.c ****         display_update();
 340              		.loc 1 90 0
 341 007c FFF7FEFF 		bl	display_update
 342              	.LVL39:
  91:pk_keyboard.c ****         CyDelay(600);
 343              		.loc 1 91 0
 344 0080 4FF41670 		mov	r0, #600
 345 0084 FFF7FEFF 		bl	CyDelay
 346              	.LVL40:
 347              	.L20:
 348 0088 70BD     		pop	{r4, r5, r6, pc}
 349              	.LVL41:
 350              	.L28:
 351 008a 00BF     		.align	2
 352              	.L27:
 353 008c 00000000 		.word	.LANCHOR0
 354 0090 58000000 		.word	.LC3
 355 0094 00000000 		.word	.LANCHOR1
 356 0098 64000000 		.word	.LC4
 357 009c 6C000000 		.word	.LC5
 358              		.cfi_endproc
 359              	.LFE66:
ARM GAS  C:\Users\bkettle\AppData\Local\Temp\ccxTZnPR.s 			page 9


 360              		.size	KB_TypeString, .-KB_TypeString
 361              		.global	ascii_to_hid
 362              		.global	KB_Data
 363              		.global	KB_Initialized
 364              		.data
 365              		.align	2
 366              		.set	.LANCHOR1,. + 0
 367              		.type	ascii_to_hid, %object
 368              		.size	ascii_to_hid, 768
 369              	ascii_to_hid:
 370 0000 2C000000 		.word	44
 371 0004 00       		.byte	0
 372 0005 000000   		.space	3
 373 0008 1E000000 		.word	30
 374 000c 01       		.byte	1
 375 000d 000000   		.space	3
 376 0010 34000000 		.word	52
 377 0014 01       		.byte	1
 378 0015 000000   		.space	3
 379 0018 20000000 		.word	32
 380 001c 01       		.byte	1
 381 001d 000000   		.space	3
 382 0020 21000000 		.word	33
 383 0024 01       		.byte	1
 384 0025 000000   		.space	3
 385 0028 22000000 		.word	34
 386 002c 01       		.byte	1
 387 002d 000000   		.space	3
 388 0030 24000000 		.word	36
 389 0034 01       		.byte	1
 390 0035 000000   		.space	3
 391 0038 34000000 		.word	52
 392 003c 00       		.byte	0
 393 003d 000000   		.space	3
 394 0040 26000000 		.word	38
 395 0044 01       		.byte	1
 396 0045 000000   		.space	3
 397 0048 27000000 		.word	39
 398 004c 01       		.byte	1
 399 004d 000000   		.space	3
 400 0050 25000000 		.word	37
 401 0054 01       		.byte	1
 402 0055 000000   		.space	3
 403 0058 2E000000 		.word	46
 404 005c 01       		.byte	1
 405 005d 000000   		.space	3
 406 0060 36000000 		.word	54
 407 0064 00       		.byte	0
 408 0065 000000   		.space	3
 409 0068 2D000000 		.word	45
 410 006c 00       		.byte	0
 411 006d 000000   		.space	3
 412 0070 37000000 		.word	55
 413 0074 00       		.byte	0
 414 0075 000000   		.space	3
 415 0078 38000000 		.word	56
 416 007c 00       		.byte	0
ARM GAS  C:\Users\bkettle\AppData\Local\Temp\ccxTZnPR.s 			page 10


 417 007d 000000   		.space	3
 418 0080 27000000 		.word	39
 419 0084 00       		.byte	0
 420 0085 000000   		.space	3
 421 0088 1E000000 		.word	30
 422 008c 00       		.byte	0
 423 008d 000000   		.space	3
 424 0090 1F000000 		.word	31
 425 0094 00       		.byte	0
 426 0095 000000   		.space	3
 427 0098 20000000 		.word	32
 428 009c 00       		.byte	0
 429 009d 000000   		.space	3
 430 00a0 21000000 		.word	33
 431 00a4 00       		.byte	0
 432 00a5 000000   		.space	3
 433 00a8 22000000 		.word	34
 434 00ac 00       		.byte	0
 435 00ad 000000   		.space	3
 436 00b0 23000000 		.word	35
 437 00b4 00       		.byte	0
 438 00b5 000000   		.space	3
 439 00b8 24000000 		.word	36
 440 00bc 00       		.byte	0
 441 00bd 000000   		.space	3
 442 00c0 25000000 		.word	37
 443 00c4 00       		.byte	0
 444 00c5 000000   		.space	3
 445 00c8 26000000 		.word	38
 446 00cc 00       		.byte	0
 447 00cd 000000   		.space	3
 448 00d0 33000000 		.word	51
 449 00d4 01       		.byte	1
 450 00d5 000000   		.space	3
 451 00d8 33000000 		.word	51
 452 00dc 00       		.byte	0
 453 00dd 000000   		.space	3
 454 00e0 36000000 		.word	54
 455 00e4 01       		.byte	1
 456 00e5 000000   		.space	3
 457 00e8 2E000000 		.word	46
 458 00ec 00       		.byte	0
 459 00ed 000000   		.space	3
 460 00f0 37000000 		.word	55
 461 00f4 01       		.byte	1
 462 00f5 000000   		.space	3
 463 00f8 38000000 		.word	56
 464 00fc 01       		.byte	1
 465 00fd 000000   		.space	3
 466 0100 1F000000 		.word	31
 467 0104 01       		.byte	1
 468 0105 000000   		.space	3
 469 0108 04000000 		.word	4
 470 010c 01       		.byte	1
 471 010d 000000   		.space	3
 472 0110 05000000 		.word	5
 473 0114 01       		.byte	1
ARM GAS  C:\Users\bkettle\AppData\Local\Temp\ccxTZnPR.s 			page 11


 474 0115 000000   		.space	3
 475 0118 06000000 		.word	6
 476 011c 01       		.byte	1
 477 011d 000000   		.space	3
 478 0120 07000000 		.word	7
 479 0124 01       		.byte	1
 480 0125 000000   		.space	3
 481 0128 08000000 		.word	8
 482 012c 01       		.byte	1
 483 012d 000000   		.space	3
 484 0130 09000000 		.word	9
 485 0134 01       		.byte	1
 486 0135 000000   		.space	3
 487 0138 0A000000 		.word	10
 488 013c 01       		.byte	1
 489 013d 000000   		.space	3
 490 0140 0B000000 		.word	11
 491 0144 01       		.byte	1
 492 0145 000000   		.space	3
 493 0148 0C000000 		.word	12
 494 014c 01       		.byte	1
 495 014d 000000   		.space	3
 496 0150 0D000000 		.word	13
 497 0154 01       		.byte	1
 498 0155 000000   		.space	3
 499 0158 0E000000 		.word	14
 500 015c 01       		.byte	1
 501 015d 000000   		.space	3
 502 0160 0F000000 		.word	15
 503 0164 01       		.byte	1
 504 0165 000000   		.space	3
 505 0168 10000000 		.word	16
 506 016c 01       		.byte	1
 507 016d 000000   		.space	3
 508 0170 11000000 		.word	17
 509 0174 01       		.byte	1
 510 0175 000000   		.space	3
 511 0178 12000000 		.word	18
 512 017c 01       		.byte	1
 513 017d 000000   		.space	3
 514 0180 13000000 		.word	19
 515 0184 01       		.byte	1
 516 0185 000000   		.space	3
 517 0188 14000000 		.word	20
 518 018c 01       		.byte	1
 519 018d 000000   		.space	3
 520 0190 15000000 		.word	21
 521 0194 01       		.byte	1
 522 0195 000000   		.space	3
 523 0198 16000000 		.word	22
 524 019c 01       		.byte	1
 525 019d 000000   		.space	3
 526 01a0 17000000 		.word	23
 527 01a4 01       		.byte	1
 528 01a5 000000   		.space	3
 529 01a8 18000000 		.word	24
 530 01ac 01       		.byte	1
ARM GAS  C:\Users\bkettle\AppData\Local\Temp\ccxTZnPR.s 			page 12


 531 01ad 000000   		.space	3
 532 01b0 19000000 		.word	25
 533 01b4 01       		.byte	1
 534 01b5 000000   		.space	3
 535 01b8 1A000000 		.word	26
 536 01bc 01       		.byte	1
 537 01bd 000000   		.space	3
 538 01c0 1B000000 		.word	27
 539 01c4 01       		.byte	1
 540 01c5 000000   		.space	3
 541 01c8 1C000000 		.word	28
 542 01cc 01       		.byte	1
 543 01cd 000000   		.space	3
 544 01d0 1D000000 		.word	29
 545 01d4 01       		.byte	1
 546 01d5 000000   		.space	3
 547 01d8 2F000000 		.word	47
 548 01dc 00       		.byte	0
 549 01dd 000000   		.space	3
 550 01e0 31000000 		.word	49
 551 01e4 00       		.byte	0
 552 01e5 000000   		.space	3
 553 01e8 30000000 		.word	48
 554 01ec 00       		.byte	0
 555 01ed 000000   		.space	3
 556 01f0 23000000 		.word	35
 557 01f4 01       		.byte	1
 558 01f5 000000   		.space	3
 559 01f8 2D000000 		.word	45
 560 01fc 01       		.byte	1
 561 01fd 000000   		.space	3
 562 0200 35000000 		.word	53
 563 0204 00       		.byte	0
 564 0205 000000   		.space	3
 565 0208 04000000 		.word	4
 566 020c 00       		.byte	0
 567 020d 000000   		.space	3
 568 0210 05000000 		.word	5
 569 0214 00       		.byte	0
 570 0215 000000   		.space	3
 571 0218 06000000 		.word	6
 572 021c 00       		.byte	0
 573 021d 000000   		.space	3
 574 0220 07000000 		.word	7
 575 0224 00       		.byte	0
 576 0225 000000   		.space	3
 577 0228 08000000 		.word	8
 578 022c 00       		.byte	0
 579 022d 000000   		.space	3
 580 0230 09000000 		.word	9
 581 0234 00       		.byte	0
 582 0235 000000   		.space	3
 583 0238 0A000000 		.word	10
 584 023c 00       		.byte	0
 585 023d 000000   		.space	3
 586 0240 0B000000 		.word	11
 587 0244 00       		.byte	0
ARM GAS  C:\Users\bkettle\AppData\Local\Temp\ccxTZnPR.s 			page 13


 588 0245 000000   		.space	3
 589 0248 0C000000 		.word	12
 590 024c 00       		.byte	0
 591 024d 000000   		.space	3
 592 0250 0D000000 		.word	13
 593 0254 00       		.byte	0
 594 0255 000000   		.space	3
 595 0258 0E000000 		.word	14
 596 025c 00       		.byte	0
 597 025d 000000   		.space	3
 598 0260 0F000000 		.word	15
 599 0264 00       		.byte	0
 600 0265 000000   		.space	3
 601 0268 10000000 		.word	16
 602 026c 00       		.byte	0
 603 026d 000000   		.space	3
 604 0270 11000000 		.word	17
 605 0274 00       		.byte	0
 606 0275 000000   		.space	3
 607 0278 12000000 		.word	18
 608 027c 00       		.byte	0
 609 027d 000000   		.space	3
 610 0280 13000000 		.word	19
 611 0284 00       		.byte	0
 612 0285 000000   		.space	3
 613 0288 14000000 		.word	20
 614 028c 00       		.byte	0
 615 028d 000000   		.space	3
 616 0290 15000000 		.word	21
 617 0294 00       		.byte	0
 618 0295 000000   		.space	3
 619 0298 16000000 		.word	22
 620 029c 00       		.byte	0
 621 029d 000000   		.space	3
 622 02a0 17000000 		.word	23
 623 02a4 00       		.byte	0
 624 02a5 000000   		.space	3
 625 02a8 18000000 		.word	24
 626 02ac 00       		.byte	0
 627 02ad 000000   		.space	3
 628 02b0 19000000 		.word	25
 629 02b4 00       		.byte	0
 630 02b5 000000   		.space	3
 631 02b8 1A000000 		.word	26
 632 02bc 00       		.byte	0
 633 02bd 000000   		.space	3
 634 02c0 1B000000 		.word	27
 635 02c4 00       		.byte	0
 636 02c5 000000   		.space	3
 637 02c8 1C000000 		.word	28
 638 02cc 00       		.byte	0
 639 02cd 000000   		.space	3
 640 02d0 1D000000 		.word	29
 641 02d4 00       		.byte	0
 642 02d5 000000   		.space	3
 643 02d8 2F000000 		.word	47
 644 02dc 01       		.byte	1
ARM GAS  C:\Users\bkettle\AppData\Local\Temp\ccxTZnPR.s 			page 14


 645 02dd 000000   		.space	3
 646 02e0 31000000 		.word	49
 647 02e4 01       		.byte	1
 648 02e5 000000   		.space	3
 649 02e8 30000000 		.word	48
 650 02ec 01       		.byte	1
 651 02ed 000000   		.space	3
 652 02f0 35000000 		.word	53
 653 02f4 01       		.byte	1
 654 02f5 000000   		.space	3
 655 02f8 2A000000 		.word	42
 656 02fc 00       		.byte	0
 657 02fd 000000   		.space	3
 658              		.section	.rodata.str1.4,"aMS",%progbits,1
 659              		.align	2
 660              	.LC0:
 661 0000 696E6974 		.ascii	"initializing keyboard...\000"
 661      69616C69 
 661      7A696E67 
 661      206B6579 
 661      626F6172 
 662 0019 000000   		.space	3
 663              	.LC1:
 664 001c 6D757374 		.ascii	"must be connected to micro-usb port for kb\000"
 664      20626520 
 664      636F6E6E 
 664      65637465 
 664      6420746F 
 665 0047 00       		.space	1
 666              	.LC2:
 667 0048 70757368 		.ascii	"push to go back\000"
 667      20746F20 
 667      676F2062 
 667      61636B00 
 668              	.LC3:
 669 0058 74797069 		.ascii	"typing...\000"
 669      6E672E2E 
 669      2E00
 670 0062 0000     		.space	2
 671              	.LC4:
 672 0064 646F6E65 		.ascii	"done!\000"
 672      2100
 673 006a 0000     		.space	2
 674              	.LC5:
 675 006c 6661696C 		.ascii	"failed, not connected\000"
 675      65642C20 
 675      6E6F7420 
 675      636F6E6E 
 675      65637465 
 676              		.bss
 677              		.align	2
 678              		.set	.LANCHOR0,. + 0
 679              		.type	KB_Data, %object
 680              		.size	KB_Data, 8
 681              	KB_Data:
 682 0000 00000000 		.space	8
 682      00000000 
ARM GAS  C:\Users\bkettle\AppData\Local\Temp\ccxTZnPR.s 			page 15


 683              		.type	KB_Initialized, %object
 684              		.size	KB_Initialized, 1
 685              	KB_Initialized:
 686 0008 00       		.space	1
 687              		.text
 688              	.Letext0:
 689              		.file 2 "c:\\program files (x86)\\cypress\\psoc creator\\4.3\\psoc creator\\import\\gnu\\arm\\5.4.
 690              		.file 3 "c:\\program files (x86)\\cypress\\psoc creator\\4.3\\psoc creator\\import\\gnu\\arm\\5.4.
 691              		.file 4 "Generated_Source\\PSoC5/cytypes.h"
 692              		.file 5 "./pk_keyboard.h"
 693              		.file 6 "Generated_Source\\PSoC5/core_cm3.h"
 694              		.file 7 "Generated_Source\\PSoC5/USBFS_1.h"
 695              		.file 8 "Generated_Source\\PSoC5/LED.h"
 696              		.file 9 "./ssd1306.h"
 697              		.file 10 "c:\\program files (x86)\\cypress\\psoc creator\\4.3\\psoc creator\\import\\gnu\\arm\\5.4
 698              		.file 11 "Generated_Source\\PSoC5/CyLib.h"
 699              		.section	.debug_info,"",%progbits
 700              	.Ldebug_info0:
 701 0000 E4040000 		.4byte	0x4e4
 702 0004 0400     		.2byte	0x4
 703 0006 00000000 		.4byte	.Ldebug_abbrev0
 704 000a 04       		.byte	0x4
 705 000b 01       		.uleb128 0x1
 706 000c 94000000 		.4byte	.LASF44
 707 0010 0C       		.byte	0xc
 708 0011 22010000 		.4byte	.LASF45
 709 0015 96020000 		.4byte	.LASF46
 710 0019 00000000 		.4byte	.Ldebug_ranges0+0
 711 001d 00000000 		.4byte	0
 712 0021 00000000 		.4byte	.Ldebug_line0
 713 0025 02       		.uleb128 0x2
 714 0026 01       		.byte	0x1
 715 0027 06       		.byte	0x6
 716 0028 6C000000 		.4byte	.LASF0
 717 002c 02       		.uleb128 0x2
 718 002d 01       		.byte	0x1
 719 002e 08       		.byte	0x8
 720 002f 86000000 		.4byte	.LASF1
 721 0033 02       		.uleb128 0x2
 722 0034 02       		.byte	0x2
 723 0035 05       		.byte	0x5
 724 0036 8B010000 		.4byte	.LASF2
 725 003a 02       		.uleb128 0x2
 726 003b 02       		.byte	0x2
 727 003c 07       		.byte	0x7
 728 003d 27000000 		.4byte	.LASF3
 729 0041 03       		.uleb128 0x3
 730 0042 18000000 		.4byte	.LASF9
 731 0046 02       		.byte	0x2
 732 0047 3F       		.byte	0x3f
 733 0048 4C000000 		.4byte	0x4c
 734 004c 02       		.uleb128 0x2
 735 004d 04       		.byte	0x4
 736 004e 05       		.byte	0x5
 737 004f 68020000 		.4byte	.LASF4
 738 0053 02       		.uleb128 0x2
 739 0054 04       		.byte	0x4
ARM GAS  C:\Users\bkettle\AppData\Local\Temp\ccxTZnPR.s 			page 16


 740 0055 07       		.byte	0x7
 741 0056 30010000 		.4byte	.LASF5
 742 005a 02       		.uleb128 0x2
 743 005b 08       		.byte	0x8
 744 005c 05       		.byte	0x5
 745 005d 1E020000 		.4byte	.LASF6
 746 0061 02       		.uleb128 0x2
 747 0062 08       		.byte	0x8
 748 0063 07       		.byte	0x7
 749 0064 D5010000 		.4byte	.LASF7
 750 0068 04       		.uleb128 0x4
 751 0069 04       		.byte	0x4
 752 006a 05       		.byte	0x5
 753 006b 696E7400 		.ascii	"int\000"
 754 006f 02       		.uleb128 0x2
 755 0070 04       		.byte	0x4
 756 0071 07       		.byte	0x7
 757 0072 3A000000 		.4byte	.LASF8
 758 0076 03       		.uleb128 0x3
 759 0077 F7010000 		.4byte	.LASF10
 760 007b 03       		.byte	0x3
 761 007c 2C       		.byte	0x2c
 762 007d 41000000 		.4byte	0x41
 763 0081 05       		.uleb128 0x5
 764 0082 56020000 		.4byte	.LASF11
 765 0086 04       		.byte	0x4
 766 0087 E401     		.2byte	0x1e4
 767 0089 2C000000 		.4byte	0x2c
 768 008d 05       		.uleb128 0x5
 769 008e B2010000 		.4byte	.LASF12
 770 0092 04       		.byte	0x4
 771 0093 E701     		.2byte	0x1e7
 772 0095 25000000 		.4byte	0x25
 773 0099 02       		.uleb128 0x2
 774 009a 04       		.byte	0x4
 775 009b 04       		.byte	0x4
 776 009c 66000000 		.4byte	.LASF13
 777 00a0 02       		.uleb128 0x2
 778 00a1 08       		.byte	0x8
 779 00a2 04       		.byte	0x4
 780 00a3 84010000 		.4byte	.LASF14
 781 00a7 02       		.uleb128 0x2
 782 00a8 01       		.byte	0x1
 783 00a9 08       		.byte	0x8
 784 00aa 2C020000 		.4byte	.LASF15
 785 00ae 02       		.uleb128 0x2
 786 00af 08       		.byte	0x8
 787 00b0 04       		.byte	0x4
 788 00b1 71020000 		.4byte	.LASF16
 789 00b5 02       		.uleb128 0x2
 790 00b6 04       		.byte	0x4
 791 00b7 07       		.byte	0x7
 792 00b8 FF010000 		.4byte	.LASF17
 793 00bc 06       		.uleb128 0x6
 794 00bd 04       		.byte	0x4
 795 00be A7000000 		.4byte	0xa7
 796 00c2 07       		.uleb128 0x7
ARM GAS  C:\Users\bkettle\AppData\Local\Temp\ccxTZnPR.s 			page 17


 797 00c3 08       		.byte	0x8
 798 00c4 05       		.byte	0x5
 799 00c5 14       		.byte	0x14
 800 00c6 E3000000 		.4byte	0xe3
 801 00ca 08       		.uleb128 0x8
 802 00cb 75696400 		.ascii	"uid\000"
 803 00cf 05       		.byte	0x5
 804 00d0 15       		.byte	0x15
 805 00d1 68000000 		.4byte	0x68
 806 00d5 00       		.byte	0
 807 00d6 09       		.uleb128 0x9
 808 00d7 C4010000 		.4byte	.LASF18
 809 00db 05       		.byte	0x5
 810 00dc 16       		.byte	0x16
 811 00dd E3000000 		.4byte	0xe3
 812 00e1 04       		.byte	0x4
 813 00e2 00       		.byte	0
 814 00e3 02       		.uleb128 0x2
 815 00e4 01       		.byte	0x1
 816 00e5 02       		.byte	0x2
 817 00e6 90020000 		.4byte	.LASF19
 818 00ea 03       		.uleb128 0x3
 819 00eb 40020000 		.4byte	.LASF20
 820 00ef 05       		.byte	0x5
 821 00f0 17       		.byte	0x17
 822 00f1 C2000000 		.4byte	0xc2
 823 00f5 0A       		.uleb128 0xa
 824 00f6 84020000 		.4byte	.LASF23
 825 00fa 01       		.byte	0x1
 826 00fb 15       		.byte	0x15
 827 00fc 00000000 		.4byte	.LFB63
 828 0100 50000000 		.4byte	.LFE63-.LFB63
 829 0104 01       		.uleb128 0x1
 830 0105 9C       		.byte	0x9c
 831 0106 7D010000 		.4byte	0x17d
 832 010a 0B       		.uleb128 0xb
 833 010b 7D020000 		.4byte	.LASF25
 834 010f 01       		.byte	0x1
 835 0110 15       		.byte	0x15
 836 0111 EA000000 		.4byte	0xea
 837 0115 02       		.uleb128 0x2
 838 0116 91       		.byte	0x91
 839 0117 70       		.sleb128 -16
 840 0118 0C       		.uleb128 0xc
 841 0119 10000000 		.4byte	.LVL0
 842 011d 6A040000 		.4byte	0x46a
 843 0121 2B010000 		.4byte	0x12b
 844 0125 0D       		.uleb128 0xd
 845 0126 01       		.uleb128 0x1
 846 0127 50       		.byte	0x50
 847 0128 01       		.uleb128 0x1
 848 0129 31       		.byte	0x31
 849 012a 00       		.byte	0
 850 012b 0C       		.uleb128 0xc
 851 012c 2A000000 		.4byte	.LVL1
 852 0130 76040000 		.4byte	0x476
 853 0134 4C010000 		.4byte	0x14c
ARM GAS  C:\Users\bkettle\AppData\Local\Temp\ccxTZnPR.s 			page 18


 854 0138 0D       		.uleb128 0xd
 855 0139 01       		.uleb128 0x1
 856 013a 50       		.byte	0x50
 857 013b 01       		.uleb128 0x1
 858 013c 31       		.byte	0x31
 859 013d 0D       		.uleb128 0xd
 860 013e 01       		.uleb128 0x1
 861 013f 51       		.byte	0x51
 862 0140 05       		.uleb128 0x5
 863 0141 03       		.byte	0x3
 864 0142 00000000 		.4byte	.LANCHOR0
 865 0146 0D       		.uleb128 0xd
 866 0147 01       		.uleb128 0x1
 867 0148 52       		.byte	0x52
 868 0149 01       		.uleb128 0x1
 869 014a 38       		.byte	0x38
 870 014b 00       		.byte	0
 871 014c 0C       		.uleb128 0xc
 872 014d 30000000 		.4byte	.LVL2
 873 0151 6A040000 		.4byte	0x46a
 874 0155 5F010000 		.4byte	0x15f
 875 0159 0D       		.uleb128 0xd
 876 015a 01       		.uleb128 0x1
 877 015b 50       		.byte	0x50
 878 015c 01       		.uleb128 0x1
 879 015d 31       		.byte	0x31
 880 015e 00       		.byte	0
 881 015f 0E       		.uleb128 0xe
 882 0160 44000000 		.4byte	.LVL3
 883 0164 76040000 		.4byte	0x476
 884 0168 0D       		.uleb128 0xd
 885 0169 01       		.uleb128 0x1
 886 016a 50       		.byte	0x50
 887 016b 01       		.uleb128 0x1
 888 016c 31       		.byte	0x31
 889 016d 0D       		.uleb128 0xd
 890 016e 01       		.uleb128 0x1
 891 016f 51       		.byte	0x51
 892 0170 05       		.uleb128 0x5
 893 0171 03       		.byte	0x3
 894 0172 00000000 		.4byte	.LANCHOR0
 895 0176 0D       		.uleb128 0xd
 896 0177 01       		.uleb128 0x1
 897 0178 52       		.byte	0x52
 898 0179 01       		.uleb128 0x1
 899 017a 38       		.byte	0x38
 900 017b 00       		.byte	0
 901 017c 00       		.byte	0
 902 017d 0F       		.uleb128 0xf
 903 017e EC010000 		.4byte	.LASF21
 904 0182 01       		.byte	0x1
 905 0183 23       		.byte	0x23
 906 0184 00000000 		.4byte	.LFB64
 907 0188 2C000000 		.4byte	.LFE64-.LFB64
 908 018c 01       		.uleb128 0x1
 909 018d 9C       		.byte	0x9c
 910 018e D5010000 		.4byte	0x1d5
ARM GAS  C:\Users\bkettle\AppData\Local\Temp\ccxTZnPR.s 			page 19


 911 0192 10       		.uleb128 0x10
 912 0193 02000000 		.4byte	.LBB2
 913 0197 24000000 		.4byte	.LBE2-.LBB2
 914 019b 11       		.uleb128 0x11
 915 019c 6900     		.ascii	"i\000"
 916 019e 01       		.byte	0x1
 917 019f 24       		.byte	0x24
 918 01a0 6F000000 		.4byte	0x6f
 919 01a4 00000000 		.4byte	.LLST0
 920 01a8 0C       		.uleb128 0xc
 921 01a9 0C000000 		.4byte	.LVL6
 922 01ad 82040000 		.4byte	0x482
 923 01b1 BB010000 		.4byte	0x1bb
 924 01b5 0D       		.uleb128 0xd
 925 01b6 01       		.uleb128 0x1
 926 01b7 50       		.byte	0x50
 927 01b8 01       		.uleb128 0x1
 928 01b9 30       		.byte	0x30
 929 01ba 00       		.byte	0
 930 01bb 12       		.uleb128 0x12
 931 01bc 1A000000 		.4byte	.LVL7
 932 01c0 F5000000 		.4byte	0xf5
 933 01c4 0E       		.uleb128 0xe
 934 01c5 20000000 		.4byte	.LVL8
 935 01c9 82040000 		.4byte	0x482
 936 01cd 0D       		.uleb128 0xd
 937 01ce 01       		.uleb128 0x1
 938 01cf 50       		.byte	0x50
 939 01d0 01       		.uleb128 0x1
 940 01d1 31       		.byte	0x31
 941 01d2 00       		.byte	0
 942 01d3 00       		.byte	0
 943 01d4 00       		.byte	0
 944 01d5 0F       		.uleb128 0xf
 945 01d6 A4010000 		.4byte	.LASF22
 946 01da 01       		.byte	0x1
 947 01db 2B       		.byte	0x2b
 948 01dc 00000000 		.4byte	.LFB65
 949 01e0 60000000 		.4byte	.LFE65-.LFB65
 950 01e4 01       		.uleb128 0x1
 951 01e5 9C       		.byte	0x9c
 952 01e6 95020000 		.4byte	0x295
 953 01ea 12       		.uleb128 0x12
 954 01eb 0C000000 		.4byte	.LVL11
 955 01ef 8D040000 		.4byte	0x48d
 956 01f3 0C       		.uleb128 0xc
 957 01f4 14000000 		.4byte	.LVL12
 958 01f8 98040000 		.4byte	0x498
 959 01fc 0B020000 		.4byte	0x20b
 960 0200 0D       		.uleb128 0xd
 961 0201 01       		.uleb128 0x1
 962 0202 50       		.byte	0x50
 963 0203 01       		.uleb128 0x1
 964 0204 44       		.byte	0x44
 965 0205 0D       		.uleb128 0xd
 966 0206 01       		.uleb128 0x1
 967 0207 51       		.byte	0x51
ARM GAS  C:\Users\bkettle\AppData\Local\Temp\ccxTZnPR.s 			page 20


 968 0208 01       		.uleb128 0x1
 969 0209 44       		.byte	0x44
 970 020a 00       		.byte	0
 971 020b 0C       		.uleb128 0xc
 972 020c 1A000000 		.4byte	.LVL13
 973 0210 A3040000 		.4byte	0x4a3
 974 0214 22020000 		.4byte	0x222
 975 0218 0D       		.uleb128 0xd
 976 0219 01       		.uleb128 0x1
 977 021a 50       		.byte	0x50
 978 021b 05       		.uleb128 0x5
 979 021c 03       		.byte	0x3
 980 021d 00000000 		.4byte	.LC0
 981 0221 00       		.byte	0
 982 0222 0C       		.uleb128 0xc
 983 0223 20000000 		.4byte	.LVL14
 984 0227 A3040000 		.4byte	0x4a3
 985 022b 39020000 		.4byte	0x239
 986 022f 0D       		.uleb128 0xd
 987 0230 01       		.uleb128 0x1
 988 0231 50       		.byte	0x50
 989 0232 05       		.uleb128 0x5
 990 0233 03       		.byte	0x3
 991 0234 1C000000 		.4byte	.LC1
 992 0238 00       		.byte	0
 993 0239 0C       		.uleb128 0xc
 994 023a 26000000 		.4byte	.LVL15
 995 023e A3040000 		.4byte	0x4a3
 996 0242 50020000 		.4byte	0x250
 997 0246 0D       		.uleb128 0xd
 998 0247 01       		.uleb128 0x1
 999 0248 50       		.byte	0x50
 1000 0249 05       		.uleb128 0x5
 1001 024a 03       		.byte	0x3
 1002 024b 48000000 		.4byte	.LC2
 1003 024f 00       		.byte	0
 1004 0250 12       		.uleb128 0x12
 1005 0251 2A000000 		.4byte	.LVL16
 1006 0255 AE040000 		.4byte	0x4ae
 1007 0259 0C       		.uleb128 0xc
 1008 025a 34000000 		.4byte	.LVL17
 1009 025e B9040000 		.4byte	0x4b9
 1010 0262 71020000 		.4byte	0x271
 1011 0266 0D       		.uleb128 0xd
 1012 0267 01       		.uleb128 0x1
 1013 0268 50       		.byte	0x50
 1014 0269 01       		.uleb128 0x1
 1015 026a 30       		.byte	0x30
 1016 026b 0D       		.uleb128 0xd
 1017 026c 01       		.uleb128 0x1
 1018 026d 51       		.byte	0x51
 1019 026e 01       		.uleb128 0x1
 1020 026f 32       		.byte	0x32
 1021 0270 00       		.byte	0
 1022 0271 12       		.uleb128 0x12
 1023 0272 38000000 		.4byte	.LVL18
 1024 0276 C5040000 		.4byte	0x4c5
ARM GAS  C:\Users\bkettle\AppData\Local\Temp\ccxTZnPR.s 			page 21


 1025 027a 0E       		.uleb128 0xe
 1026 027b 48000000 		.4byte	.LVL19
 1027 027f 76040000 		.4byte	0x476
 1028 0283 0D       		.uleb128 0xd
 1029 0284 01       		.uleb128 0x1
 1030 0285 50       		.byte	0x50
 1031 0286 01       		.uleb128 0x1
 1032 0287 31       		.byte	0x31
 1033 0288 0D       		.uleb128 0xd
 1034 0289 01       		.uleb128 0x1
 1035 028a 51       		.byte	0x51
 1036 028b 02       		.uleb128 0x2
 1037 028c 74       		.byte	0x74
 1038 028d 00       		.sleb128 0
 1039 028e 0D       		.uleb128 0xd
 1040 028f 01       		.uleb128 0x1
 1041 0290 52       		.byte	0x52
 1042 0291 01       		.uleb128 0x1
 1043 0292 38       		.byte	0x38
 1044 0293 00       		.byte	0
 1045 0294 00       		.byte	0
 1046 0295 0A       		.uleb128 0xa
 1047 0296 78000000 		.4byte	.LASF24
 1048 029a 01       		.byte	0x1
 1049 029b 3E       		.byte	0x3e
 1050 029c 00000000 		.4byte	.LFB66
 1051 02a0 A0000000 		.4byte	.LFE66-.LFB66
 1052 02a4 01       		.uleb128 0x1
 1053 02a5 9C       		.byte	0x9c
 1054 02a6 06040000 		.4byte	0x406
 1055 02aa 13       		.uleb128 0x13
 1056 02ab 5C020000 		.4byte	.LASF26
 1057 02af 01       		.byte	0x1
 1058 02b0 3E       		.byte	0x3e
 1059 02b1 BC000000 		.4byte	0xbc
 1060 02b5 1F000000 		.4byte	.LLST1
 1061 02b9 13       		.uleb128 0x13
 1062 02ba 22000000 		.4byte	.LASF27
 1063 02be 01       		.byte	0x1
 1064 02bf 3E       		.byte	0x3e
 1065 02c0 E3000000 		.4byte	0xe3
 1066 02c4 4B000000 		.4byte	.LLST2
 1067 02c8 14       		.uleb128 0x14
 1068 02c9 2C000000 		.4byte	.LBB3
 1069 02cd 20000000 		.4byte	.LBE3-.LBB3
 1070 02d1 19030000 		.4byte	0x319
 1071 02d5 11       		.uleb128 0x11
 1072 02d6 6900     		.ascii	"i\000"
 1073 02d8 01       		.byte	0x1
 1074 02d9 49       		.byte	0x49
 1075 02da 6F000000 		.4byte	0x6f
 1076 02de 6C000000 		.4byte	.LLST3
 1077 02e2 14       		.uleb128 0x14
 1078 02e3 2C000000 		.4byte	.LBB4
 1079 02e7 14000000 		.4byte	.LBE4-.LBB4
 1080 02eb 08030000 		.4byte	0x308
 1081 02ef 15       		.uleb128 0x15
ARM GAS  C:\Users\bkettle\AppData\Local\Temp\ccxTZnPR.s 			page 22


 1082 02f0 42010000 		.4byte	.LASF28
 1083 02f4 01       		.byte	0x1
 1084 02f5 4B       		.byte	0x4b
 1085 02f6 68000000 		.4byte	0x68
 1086 02fa 7F000000 		.4byte	.LLST4
 1087 02fe 12       		.uleb128 0x12
 1088 02ff 40000000 		.4byte	.LVL28
 1089 0303 F5000000 		.4byte	0xf5
 1090 0307 00       		.byte	0
 1091 0308 0E       		.uleb128 0xe
 1092 0309 48000000 		.4byte	.LVL30
 1093 030d D1040000 		.4byte	0x4d1
 1094 0311 0D       		.uleb128 0xd
 1095 0312 01       		.uleb128 0x1
 1096 0313 50       		.byte	0x50
 1097 0314 02       		.uleb128 0x2
 1098 0315 75       		.byte	0x75
 1099 0316 00       		.sleb128 0
 1100 0317 00       		.byte	0
 1101 0318 00       		.byte	0
 1102 0319 12       		.uleb128 0x12
 1103 031a 0A000000 		.4byte	.LVL21
 1104 031e D5010000 		.4byte	0x1d5
 1105 0322 12       		.uleb128 0x12
 1106 0323 16000000 		.4byte	.LVL22
 1107 0327 8D040000 		.4byte	0x48d
 1108 032b 0C       		.uleb128 0xc
 1109 032c 1E000000 		.4byte	.LVL23
 1110 0330 98040000 		.4byte	0x498
 1111 0334 44030000 		.4byte	0x344
 1112 0338 0D       		.uleb128 0xd
 1113 0339 01       		.uleb128 0x1
 1114 033a 50       		.byte	0x50
 1115 033b 01       		.uleb128 0x1
 1116 033c 44       		.byte	0x44
 1117 033d 0D       		.uleb128 0xd
 1118 033e 01       		.uleb128 0x1
 1119 033f 51       		.byte	0x51
 1120 0340 02       		.uleb128 0x2
 1121 0341 08       		.byte	0x8
 1122 0342 28       		.byte	0x28
 1123 0343 00       		.byte	0
 1124 0344 0C       		.uleb128 0xc
 1125 0345 24000000 		.4byte	.LVL24
 1126 0349 A3040000 		.4byte	0x4a3
 1127 034d 5B030000 		.4byte	0x35b
 1128 0351 0D       		.uleb128 0xd
 1129 0352 01       		.uleb128 0x1
 1130 0353 50       		.byte	0x50
 1131 0354 05       		.uleb128 0x5
 1132 0355 03       		.byte	0x3
 1133 0356 58000000 		.4byte	.LC3
 1134 035a 00       		.byte	0
 1135 035b 12       		.uleb128 0x12
 1136 035c 28000000 		.4byte	.LVL25
 1137 0360 AE040000 		.4byte	0x4ae
 1138 0364 0C       		.uleb128 0xc
ARM GAS  C:\Users\bkettle\AppData\Local\Temp\ccxTZnPR.s 			page 23


 1139 0365 56000000 		.4byte	.LVL31
 1140 0369 98040000 		.4byte	0x498
 1141 036d 7D030000 		.4byte	0x37d
 1142 0371 0D       		.uleb128 0xd
 1143 0372 01       		.uleb128 0x1
 1144 0373 50       		.byte	0x50
 1145 0374 01       		.uleb128 0x1
 1146 0375 44       		.byte	0x44
 1147 0376 0D       		.uleb128 0xd
 1148 0377 01       		.uleb128 0x1
 1149 0378 51       		.byte	0x51
 1150 0379 02       		.uleb128 0x2
 1151 037a 08       		.byte	0x8
 1152 037b 30       		.byte	0x30
 1153 037c 00       		.byte	0
 1154 037d 0C       		.uleb128 0xc
 1155 037e 5C000000 		.4byte	.LVL32
 1156 0382 A3040000 		.4byte	0x4a3
 1157 0386 94030000 		.4byte	0x394
 1158 038a 0D       		.uleb128 0xd
 1159 038b 01       		.uleb128 0x1
 1160 038c 50       		.byte	0x50
 1161 038d 05       		.uleb128 0x5
 1162 038e 03       		.byte	0x3
 1163 038f 64000000 		.4byte	.LC4
 1164 0393 00       		.byte	0
 1165 0394 12       		.uleb128 0x12
 1166 0395 60000000 		.4byte	.LVL33
 1167 0399 AE040000 		.4byte	0x4ae
 1168 039d 0C       		.uleb128 0xc
 1169 039e 68000000 		.4byte	.LVL34
 1170 03a2 DC040000 		.4byte	0x4dc
 1171 03a6 B2030000 		.4byte	0x3b2
 1172 03aa 0D       		.uleb128 0xd
 1173 03ab 01       		.uleb128 0x1
 1174 03ac 50       		.byte	0x50
 1175 03ad 03       		.uleb128 0x3
 1176 03ae 0A       		.byte	0xa
 1177 03af 9001     		.2byte	0x190
 1178 03b1 00       		.byte	0
 1179 03b2 12       		.uleb128 0x12
 1180 03b3 6E000000 		.4byte	.LVL36
 1181 03b7 8D040000 		.4byte	0x48d
 1182 03bb 0C       		.uleb128 0xc
 1183 03bc 76000000 		.4byte	.LVL37
 1184 03c0 98040000 		.4byte	0x498
 1185 03c4 D4030000 		.4byte	0x3d4
 1186 03c8 0D       		.uleb128 0xd
 1187 03c9 01       		.uleb128 0x1
 1188 03ca 50       		.byte	0x50
 1189 03cb 01       		.uleb128 0x1
 1190 03cc 44       		.byte	0x44
 1191 03cd 0D       		.uleb128 0xd
 1192 03ce 01       		.uleb128 0x1
 1193 03cf 51       		.byte	0x51
 1194 03d0 02       		.uleb128 0x2
 1195 03d1 08       		.byte	0x8
ARM GAS  C:\Users\bkettle\AppData\Local\Temp\ccxTZnPR.s 			page 24


 1196 03d2 28       		.byte	0x28
 1197 03d3 00       		.byte	0
 1198 03d4 0C       		.uleb128 0xc
 1199 03d5 7C000000 		.4byte	.LVL38
 1200 03d9 A3040000 		.4byte	0x4a3
 1201 03dd EB030000 		.4byte	0x3eb
 1202 03e1 0D       		.uleb128 0xd
 1203 03e2 01       		.uleb128 0x1
 1204 03e3 50       		.byte	0x50
 1205 03e4 05       		.uleb128 0x5
 1206 03e5 03       		.byte	0x3
 1207 03e6 6C000000 		.4byte	.LC5
 1208 03ea 00       		.byte	0
 1209 03eb 12       		.uleb128 0x12
 1210 03ec 80000000 		.4byte	.LVL39
 1211 03f0 AE040000 		.4byte	0x4ae
 1212 03f4 0E       		.uleb128 0xe
 1213 03f5 88000000 		.4byte	.LVL40
 1214 03f9 DC040000 		.4byte	0x4dc
 1215 03fd 0D       		.uleb128 0xd
 1216 03fe 01       		.uleb128 0x1
 1217 03ff 50       		.byte	0x50
 1218 0400 03       		.uleb128 0x3
 1219 0401 0A       		.byte	0xa
 1220 0402 5802     		.2byte	0x258
 1221 0404 00       		.byte	0
 1222 0405 00       		.byte	0
 1223 0406 16       		.uleb128 0x16
 1224 0407 B7010000 		.4byte	.LASF29
 1225 040b 06       		.byte	0x6
 1226 040c 1207     		.2byte	0x712
 1227 040e 12040000 		.4byte	0x412
 1228 0412 17       		.uleb128 0x17
 1229 0413 76000000 		.4byte	0x76
 1230 0417 18       		.uleb128 0x18
 1231 0418 31020000 		.4byte	.LASF30
 1232 041c 01       		.byte	0x1
 1233 041d 08       		.byte	0x8
 1234 041e E3000000 		.4byte	0xe3
 1235 0422 05       		.uleb128 0x5
 1236 0423 03       		.byte	0x3
 1237 0424 00000000 		.4byte	KB_Initialized
 1238 0428 19       		.uleb128 0x19
 1239 0429 8D000000 		.4byte	0x8d
 1240 042d 38040000 		.4byte	0x438
 1241 0431 1A       		.uleb128 0x1a
 1242 0432 B5000000 		.4byte	0xb5
 1243 0436 07       		.byte	0x7
 1244 0437 00       		.byte	0
 1245 0438 18       		.uleb128 0x18
 1246 0439 F1020000 		.4byte	.LASF31
 1247 043d 01       		.byte	0x1
 1248 043e 09       		.byte	0x9
 1249 043f 28040000 		.4byte	0x428
 1250 0443 05       		.uleb128 0x5
 1251 0444 03       		.byte	0x3
 1252 0445 00000000 		.4byte	KB_Data
ARM GAS  C:\Users\bkettle\AppData\Local\Temp\ccxTZnPR.s 			page 25


 1253 0449 19       		.uleb128 0x19
 1254 044a EA000000 		.4byte	0xea
 1255 044e 59040000 		.4byte	0x459
 1256 0452 1A       		.uleb128 0x1a
 1257 0453 B5000000 		.4byte	0xb5
 1258 0457 5F       		.byte	0x5f
 1259 0458 00       		.byte	0
 1260 0459 18       		.uleb128 0x18
 1261 045a 50010000 		.4byte	.LASF32
 1262 045e 01       		.byte	0x1
 1263 045f 0C       		.byte	0xc
 1264 0460 49040000 		.4byte	0x449
 1265 0464 05       		.uleb128 0x5
 1266 0465 03       		.byte	0x3
 1267 0466 00000000 		.4byte	ascii_to_hid
 1268 046a 1B       		.uleb128 0x1b
 1269 046b 08020000 		.4byte	.LASF33
 1270 046f 08020000 		.4byte	.LASF33
 1271 0473 07       		.byte	0x7
 1272 0474 3E01     		.2byte	0x13e
 1273 0476 1B       		.uleb128 0x1b
 1274 0477 55000000 		.4byte	.LASF34
 1275 047b 55000000 		.4byte	.LASF34
 1276 047f 07       		.byte	0x7
 1277 0480 3701     		.2byte	0x137
 1278 0482 1C       		.uleb128 0x1c
 1279 0483 0E000000 		.4byte	.LASF35
 1280 0487 0E000000 		.4byte	.LASF35
 1281 048b 08       		.byte	0x8
 1282 048c 26       		.byte	0x26
 1283 048d 1C       		.uleb128 0x1c
 1284 048e 47000000 		.4byte	.LASF36
 1285 0492 47000000 		.4byte	.LASF36
 1286 0496 09       		.byte	0x9
 1287 0497 36       		.byte	0x36
 1288 0498 1C       		.uleb128 0x1c
 1289 0499 5D010000 		.4byte	.LASF37
 1290 049d 5D010000 		.4byte	.LASF37
 1291 04a1 09       		.byte	0x9
 1292 04a2 41       		.byte	0x41
 1293 04a3 1C       		.uleb128 0x1c
 1294 04a4 4A020000 		.4byte	.LASF38
 1295 04a8 4A020000 		.4byte	.LASF38
 1296 04ac 09       		.byte	0x9
 1297 04ad 49       		.byte	0x49
 1298 04ae 1C       		.uleb128 0x1c
 1299 04af 95010000 		.4byte	.LASF39
 1300 04b3 95010000 		.4byte	.LASF39
 1301 04b7 09       		.byte	0x9
 1302 04b8 35       		.byte	0x35
 1303 04b9 1B       		.uleb128 0x1b
 1304 04ba 00000000 		.4byte	.LASF40
 1305 04be 00000000 		.4byte	.LASF40
 1306 04c2 07       		.byte	0x7
 1307 04c3 2F01     		.2byte	0x12f
 1308 04c5 1B       		.uleb128 0x1b
 1309 04c6 6B010000 		.4byte	.LASF41
ARM GAS  C:\Users\bkettle\AppData\Local\Temp\ccxTZnPR.s 			page 26


 1310 04ca 6B010000 		.4byte	.LASF41
 1311 04ce 07       		.byte	0x7
 1312 04cf 3201     		.2byte	0x132
 1313 04d1 1C       		.uleb128 0x1c
 1314 04d2 CE010000 		.4byte	.LASF42
 1315 04d6 CE010000 		.4byte	.LASF42
 1316 04da 0A       		.byte	0xa
 1317 04db 21       		.byte	0x21
 1318 04dc 1C       		.uleb128 0x1c
 1319 04dd E9020000 		.4byte	.LASF43
 1320 04e1 E9020000 		.4byte	.LASF43
 1321 04e5 0B       		.byte	0xb
 1322 04e6 76       		.byte	0x76
 1323 04e7 00       		.byte	0
 1324              		.section	.debug_abbrev,"",%progbits
 1325              	.Ldebug_abbrev0:
 1326 0000 01       		.uleb128 0x1
 1327 0001 11       		.uleb128 0x11
 1328 0002 01       		.byte	0x1
 1329 0003 25       		.uleb128 0x25
 1330 0004 0E       		.uleb128 0xe
 1331 0005 13       		.uleb128 0x13
 1332 0006 0B       		.uleb128 0xb
 1333 0007 03       		.uleb128 0x3
 1334 0008 0E       		.uleb128 0xe
 1335 0009 1B       		.uleb128 0x1b
 1336 000a 0E       		.uleb128 0xe
 1337 000b 55       		.uleb128 0x55
 1338 000c 17       		.uleb128 0x17
 1339 000d 11       		.uleb128 0x11
 1340 000e 01       		.uleb128 0x1
 1341 000f 10       		.uleb128 0x10
 1342 0010 17       		.uleb128 0x17
 1343 0011 00       		.byte	0
 1344 0012 00       		.byte	0
 1345 0013 02       		.uleb128 0x2
 1346 0014 24       		.uleb128 0x24
 1347 0015 00       		.byte	0
 1348 0016 0B       		.uleb128 0xb
 1349 0017 0B       		.uleb128 0xb
 1350 0018 3E       		.uleb128 0x3e
 1351 0019 0B       		.uleb128 0xb
 1352 001a 03       		.uleb128 0x3
 1353 001b 0E       		.uleb128 0xe
 1354 001c 00       		.byte	0
 1355 001d 00       		.byte	0
 1356 001e 03       		.uleb128 0x3
 1357 001f 16       		.uleb128 0x16
 1358 0020 00       		.byte	0
 1359 0021 03       		.uleb128 0x3
 1360 0022 0E       		.uleb128 0xe
 1361 0023 3A       		.uleb128 0x3a
 1362 0024 0B       		.uleb128 0xb
 1363 0025 3B       		.uleb128 0x3b
 1364 0026 0B       		.uleb128 0xb
 1365 0027 49       		.uleb128 0x49
 1366 0028 13       		.uleb128 0x13
ARM GAS  C:\Users\bkettle\AppData\Local\Temp\ccxTZnPR.s 			page 27


 1367 0029 00       		.byte	0
 1368 002a 00       		.byte	0
 1369 002b 04       		.uleb128 0x4
 1370 002c 24       		.uleb128 0x24
 1371 002d 00       		.byte	0
 1372 002e 0B       		.uleb128 0xb
 1373 002f 0B       		.uleb128 0xb
 1374 0030 3E       		.uleb128 0x3e
 1375 0031 0B       		.uleb128 0xb
 1376 0032 03       		.uleb128 0x3
 1377 0033 08       		.uleb128 0x8
 1378 0034 00       		.byte	0
 1379 0035 00       		.byte	0
 1380 0036 05       		.uleb128 0x5
 1381 0037 16       		.uleb128 0x16
 1382 0038 00       		.byte	0
 1383 0039 03       		.uleb128 0x3
 1384 003a 0E       		.uleb128 0xe
 1385 003b 3A       		.uleb128 0x3a
 1386 003c 0B       		.uleb128 0xb
 1387 003d 3B       		.uleb128 0x3b
 1388 003e 05       		.uleb128 0x5
 1389 003f 49       		.uleb128 0x49
 1390 0040 13       		.uleb128 0x13
 1391 0041 00       		.byte	0
 1392 0042 00       		.byte	0
 1393 0043 06       		.uleb128 0x6
 1394 0044 0F       		.uleb128 0xf
 1395 0045 00       		.byte	0
 1396 0046 0B       		.uleb128 0xb
 1397 0047 0B       		.uleb128 0xb
 1398 0048 49       		.uleb128 0x49
 1399 0049 13       		.uleb128 0x13
 1400 004a 00       		.byte	0
 1401 004b 00       		.byte	0
 1402 004c 07       		.uleb128 0x7
 1403 004d 13       		.uleb128 0x13
 1404 004e 01       		.byte	0x1
 1405 004f 0B       		.uleb128 0xb
 1406 0050 0B       		.uleb128 0xb
 1407 0051 3A       		.uleb128 0x3a
 1408 0052 0B       		.uleb128 0xb
 1409 0053 3B       		.uleb128 0x3b
 1410 0054 0B       		.uleb128 0xb
 1411 0055 01       		.uleb128 0x1
 1412 0056 13       		.uleb128 0x13
 1413 0057 00       		.byte	0
 1414 0058 00       		.byte	0
 1415 0059 08       		.uleb128 0x8
 1416 005a 0D       		.uleb128 0xd
 1417 005b 00       		.byte	0
 1418 005c 03       		.uleb128 0x3
 1419 005d 08       		.uleb128 0x8
 1420 005e 3A       		.uleb128 0x3a
 1421 005f 0B       		.uleb128 0xb
 1422 0060 3B       		.uleb128 0x3b
 1423 0061 0B       		.uleb128 0xb
ARM GAS  C:\Users\bkettle\AppData\Local\Temp\ccxTZnPR.s 			page 28


 1424 0062 49       		.uleb128 0x49
 1425 0063 13       		.uleb128 0x13
 1426 0064 38       		.uleb128 0x38
 1427 0065 0B       		.uleb128 0xb
 1428 0066 00       		.byte	0
 1429 0067 00       		.byte	0
 1430 0068 09       		.uleb128 0x9
 1431 0069 0D       		.uleb128 0xd
 1432 006a 00       		.byte	0
 1433 006b 03       		.uleb128 0x3
 1434 006c 0E       		.uleb128 0xe
 1435 006d 3A       		.uleb128 0x3a
 1436 006e 0B       		.uleb128 0xb
 1437 006f 3B       		.uleb128 0x3b
 1438 0070 0B       		.uleb128 0xb
 1439 0071 49       		.uleb128 0x49
 1440 0072 13       		.uleb128 0x13
 1441 0073 38       		.uleb128 0x38
 1442 0074 0B       		.uleb128 0xb
 1443 0075 00       		.byte	0
 1444 0076 00       		.byte	0
 1445 0077 0A       		.uleb128 0xa
 1446 0078 2E       		.uleb128 0x2e
 1447 0079 01       		.byte	0x1
 1448 007a 3F       		.uleb128 0x3f
 1449 007b 19       		.uleb128 0x19
 1450 007c 03       		.uleb128 0x3
 1451 007d 0E       		.uleb128 0xe
 1452 007e 3A       		.uleb128 0x3a
 1453 007f 0B       		.uleb128 0xb
 1454 0080 3B       		.uleb128 0x3b
 1455 0081 0B       		.uleb128 0xb
 1456 0082 27       		.uleb128 0x27
 1457 0083 19       		.uleb128 0x19
 1458 0084 11       		.uleb128 0x11
 1459 0085 01       		.uleb128 0x1
 1460 0086 12       		.uleb128 0x12
 1461 0087 06       		.uleb128 0x6
 1462 0088 40       		.uleb128 0x40
 1463 0089 18       		.uleb128 0x18
 1464 008a 9742     		.uleb128 0x2117
 1465 008c 19       		.uleb128 0x19
 1466 008d 01       		.uleb128 0x1
 1467 008e 13       		.uleb128 0x13
 1468 008f 00       		.byte	0
 1469 0090 00       		.byte	0
 1470 0091 0B       		.uleb128 0xb
 1471 0092 05       		.uleb128 0x5
 1472 0093 00       		.byte	0
 1473 0094 03       		.uleb128 0x3
 1474 0095 0E       		.uleb128 0xe
 1475 0096 3A       		.uleb128 0x3a
 1476 0097 0B       		.uleb128 0xb
 1477 0098 3B       		.uleb128 0x3b
 1478 0099 0B       		.uleb128 0xb
 1479 009a 49       		.uleb128 0x49
 1480 009b 13       		.uleb128 0x13
ARM GAS  C:\Users\bkettle\AppData\Local\Temp\ccxTZnPR.s 			page 29


 1481 009c 02       		.uleb128 0x2
 1482 009d 18       		.uleb128 0x18
 1483 009e 00       		.byte	0
 1484 009f 00       		.byte	0
 1485 00a0 0C       		.uleb128 0xc
 1486 00a1 898201   		.uleb128 0x4109
 1487 00a4 01       		.byte	0x1
 1488 00a5 11       		.uleb128 0x11
 1489 00a6 01       		.uleb128 0x1
 1490 00a7 31       		.uleb128 0x31
 1491 00a8 13       		.uleb128 0x13
 1492 00a9 01       		.uleb128 0x1
 1493 00aa 13       		.uleb128 0x13
 1494 00ab 00       		.byte	0
 1495 00ac 00       		.byte	0
 1496 00ad 0D       		.uleb128 0xd
 1497 00ae 8A8201   		.uleb128 0x410a
 1498 00b1 00       		.byte	0
 1499 00b2 02       		.uleb128 0x2
 1500 00b3 18       		.uleb128 0x18
 1501 00b4 9142     		.uleb128 0x2111
 1502 00b6 18       		.uleb128 0x18
 1503 00b7 00       		.byte	0
 1504 00b8 00       		.byte	0
 1505 00b9 0E       		.uleb128 0xe
 1506 00ba 898201   		.uleb128 0x4109
 1507 00bd 01       		.byte	0x1
 1508 00be 11       		.uleb128 0x11
 1509 00bf 01       		.uleb128 0x1
 1510 00c0 31       		.uleb128 0x31
 1511 00c1 13       		.uleb128 0x13
 1512 00c2 00       		.byte	0
 1513 00c3 00       		.byte	0
 1514 00c4 0F       		.uleb128 0xf
 1515 00c5 2E       		.uleb128 0x2e
 1516 00c6 01       		.byte	0x1
 1517 00c7 3F       		.uleb128 0x3f
 1518 00c8 19       		.uleb128 0x19
 1519 00c9 03       		.uleb128 0x3
 1520 00ca 0E       		.uleb128 0xe
 1521 00cb 3A       		.uleb128 0x3a
 1522 00cc 0B       		.uleb128 0xb
 1523 00cd 3B       		.uleb128 0x3b
 1524 00ce 0B       		.uleb128 0xb
 1525 00cf 11       		.uleb128 0x11
 1526 00d0 01       		.uleb128 0x1
 1527 00d1 12       		.uleb128 0x12
 1528 00d2 06       		.uleb128 0x6
 1529 00d3 40       		.uleb128 0x40
 1530 00d4 18       		.uleb128 0x18
 1531 00d5 9742     		.uleb128 0x2117
 1532 00d7 19       		.uleb128 0x19
 1533 00d8 01       		.uleb128 0x1
 1534 00d9 13       		.uleb128 0x13
 1535 00da 00       		.byte	0
 1536 00db 00       		.byte	0
 1537 00dc 10       		.uleb128 0x10
ARM GAS  C:\Users\bkettle\AppData\Local\Temp\ccxTZnPR.s 			page 30


 1538 00dd 0B       		.uleb128 0xb
 1539 00de 01       		.byte	0x1
 1540 00df 11       		.uleb128 0x11
 1541 00e0 01       		.uleb128 0x1
 1542 00e1 12       		.uleb128 0x12
 1543 00e2 06       		.uleb128 0x6
 1544 00e3 00       		.byte	0
 1545 00e4 00       		.byte	0
 1546 00e5 11       		.uleb128 0x11
 1547 00e6 34       		.uleb128 0x34
 1548 00e7 00       		.byte	0
 1549 00e8 03       		.uleb128 0x3
 1550 00e9 08       		.uleb128 0x8
 1551 00ea 3A       		.uleb128 0x3a
 1552 00eb 0B       		.uleb128 0xb
 1553 00ec 3B       		.uleb128 0x3b
 1554 00ed 0B       		.uleb128 0xb
 1555 00ee 49       		.uleb128 0x49
 1556 00ef 13       		.uleb128 0x13
 1557 00f0 02       		.uleb128 0x2
 1558 00f1 17       		.uleb128 0x17
 1559 00f2 00       		.byte	0
 1560 00f3 00       		.byte	0
 1561 00f4 12       		.uleb128 0x12
 1562 00f5 898201   		.uleb128 0x4109
 1563 00f8 00       		.byte	0
 1564 00f9 11       		.uleb128 0x11
 1565 00fa 01       		.uleb128 0x1
 1566 00fb 31       		.uleb128 0x31
 1567 00fc 13       		.uleb128 0x13
 1568 00fd 00       		.byte	0
 1569 00fe 00       		.byte	0
 1570 00ff 13       		.uleb128 0x13
 1571 0100 05       		.uleb128 0x5
 1572 0101 00       		.byte	0
 1573 0102 03       		.uleb128 0x3
 1574 0103 0E       		.uleb128 0xe
 1575 0104 3A       		.uleb128 0x3a
 1576 0105 0B       		.uleb128 0xb
 1577 0106 3B       		.uleb128 0x3b
 1578 0107 0B       		.uleb128 0xb
 1579 0108 49       		.uleb128 0x49
 1580 0109 13       		.uleb128 0x13
 1581 010a 02       		.uleb128 0x2
 1582 010b 17       		.uleb128 0x17
 1583 010c 00       		.byte	0
 1584 010d 00       		.byte	0
 1585 010e 14       		.uleb128 0x14
 1586 010f 0B       		.uleb128 0xb
 1587 0110 01       		.byte	0x1
 1588 0111 11       		.uleb128 0x11
 1589 0112 01       		.uleb128 0x1
 1590 0113 12       		.uleb128 0x12
 1591 0114 06       		.uleb128 0x6
 1592 0115 01       		.uleb128 0x1
 1593 0116 13       		.uleb128 0x13
 1594 0117 00       		.byte	0
ARM GAS  C:\Users\bkettle\AppData\Local\Temp\ccxTZnPR.s 			page 31


 1595 0118 00       		.byte	0
 1596 0119 15       		.uleb128 0x15
 1597 011a 34       		.uleb128 0x34
 1598 011b 00       		.byte	0
 1599 011c 03       		.uleb128 0x3
 1600 011d 0E       		.uleb128 0xe
 1601 011e 3A       		.uleb128 0x3a
 1602 011f 0B       		.uleb128 0xb
 1603 0120 3B       		.uleb128 0x3b
 1604 0121 0B       		.uleb128 0xb
 1605 0122 49       		.uleb128 0x49
 1606 0123 13       		.uleb128 0x13
 1607 0124 02       		.uleb128 0x2
 1608 0125 17       		.uleb128 0x17
 1609 0126 00       		.byte	0
 1610 0127 00       		.byte	0
 1611 0128 16       		.uleb128 0x16
 1612 0129 34       		.uleb128 0x34
 1613 012a 00       		.byte	0
 1614 012b 03       		.uleb128 0x3
 1615 012c 0E       		.uleb128 0xe
 1616 012d 3A       		.uleb128 0x3a
 1617 012e 0B       		.uleb128 0xb
 1618 012f 3B       		.uleb128 0x3b
 1619 0130 05       		.uleb128 0x5
 1620 0131 49       		.uleb128 0x49
 1621 0132 13       		.uleb128 0x13
 1622 0133 3F       		.uleb128 0x3f
 1623 0134 19       		.uleb128 0x19
 1624 0135 3C       		.uleb128 0x3c
 1625 0136 19       		.uleb128 0x19
 1626 0137 00       		.byte	0
 1627 0138 00       		.byte	0
 1628 0139 17       		.uleb128 0x17
 1629 013a 35       		.uleb128 0x35
 1630 013b 00       		.byte	0
 1631 013c 49       		.uleb128 0x49
 1632 013d 13       		.uleb128 0x13
 1633 013e 00       		.byte	0
 1634 013f 00       		.byte	0
 1635 0140 18       		.uleb128 0x18
 1636 0141 34       		.uleb128 0x34
 1637 0142 00       		.byte	0
 1638 0143 03       		.uleb128 0x3
 1639 0144 0E       		.uleb128 0xe
 1640 0145 3A       		.uleb128 0x3a
 1641 0146 0B       		.uleb128 0xb
 1642 0147 3B       		.uleb128 0x3b
 1643 0148 0B       		.uleb128 0xb
 1644 0149 49       		.uleb128 0x49
 1645 014a 13       		.uleb128 0x13
 1646 014b 3F       		.uleb128 0x3f
 1647 014c 19       		.uleb128 0x19
 1648 014d 02       		.uleb128 0x2
 1649 014e 18       		.uleb128 0x18
 1650 014f 00       		.byte	0
 1651 0150 00       		.byte	0
ARM GAS  C:\Users\bkettle\AppData\Local\Temp\ccxTZnPR.s 			page 32


 1652 0151 19       		.uleb128 0x19
 1653 0152 01       		.uleb128 0x1
 1654 0153 01       		.byte	0x1
 1655 0154 49       		.uleb128 0x49
 1656 0155 13       		.uleb128 0x13
 1657 0156 01       		.uleb128 0x1
 1658 0157 13       		.uleb128 0x13
 1659 0158 00       		.byte	0
 1660 0159 00       		.byte	0
 1661 015a 1A       		.uleb128 0x1a
 1662 015b 21       		.uleb128 0x21
 1663 015c 00       		.byte	0
 1664 015d 49       		.uleb128 0x49
 1665 015e 13       		.uleb128 0x13
 1666 015f 2F       		.uleb128 0x2f
 1667 0160 0B       		.uleb128 0xb
 1668 0161 00       		.byte	0
 1669 0162 00       		.byte	0
 1670 0163 1B       		.uleb128 0x1b
 1671 0164 2E       		.uleb128 0x2e
 1672 0165 00       		.byte	0
 1673 0166 3F       		.uleb128 0x3f
 1674 0167 19       		.uleb128 0x19
 1675 0168 3C       		.uleb128 0x3c
 1676 0169 19       		.uleb128 0x19
 1677 016a 6E       		.uleb128 0x6e
 1678 016b 0E       		.uleb128 0xe
 1679 016c 03       		.uleb128 0x3
 1680 016d 0E       		.uleb128 0xe
 1681 016e 3A       		.uleb128 0x3a
 1682 016f 0B       		.uleb128 0xb
 1683 0170 3B       		.uleb128 0x3b
 1684 0171 05       		.uleb128 0x5
 1685 0172 00       		.byte	0
 1686 0173 00       		.byte	0
 1687 0174 1C       		.uleb128 0x1c
 1688 0175 2E       		.uleb128 0x2e
 1689 0176 00       		.byte	0
 1690 0177 3F       		.uleb128 0x3f
 1691 0178 19       		.uleb128 0x19
 1692 0179 3C       		.uleb128 0x3c
 1693 017a 19       		.uleb128 0x19
 1694 017b 6E       		.uleb128 0x6e
 1695 017c 0E       		.uleb128 0xe
 1696 017d 03       		.uleb128 0x3
 1697 017e 0E       		.uleb128 0xe
 1698 017f 3A       		.uleb128 0x3a
 1699 0180 0B       		.uleb128 0xb
 1700 0181 3B       		.uleb128 0x3b
 1701 0182 0B       		.uleb128 0xb
 1702 0183 00       		.byte	0
 1703 0184 00       		.byte	0
 1704 0185 00       		.byte	0
 1705              		.section	.debug_loc,"",%progbits
 1706              	.Ldebug_loc0:
 1707              	.LLST0:
 1708 0000 02000000 		.4byte	.LVL4
ARM GAS  C:\Users\bkettle\AppData\Local\Temp\ccxTZnPR.s 			page 33


 1709 0004 06000000 		.4byte	.LVL5
 1710 0008 0200     		.2byte	0x2
 1711 000a 30       		.byte	0x30
 1712 000b 9F       		.byte	0x9f
 1713 000c 06000000 		.4byte	.LVL5
 1714 0010 28000000 		.4byte	.LVL10
 1715 0014 0100     		.2byte	0x1
 1716 0016 54       		.byte	0x54
 1717 0017 00000000 		.4byte	0
 1718 001b 00000000 		.4byte	0
 1719              	.LLST1:
 1720 001f 00000000 		.4byte	.LVL20
 1721 0023 09000000 		.4byte	.LVL21-1
 1722 0027 0100     		.2byte	0x1
 1723 0029 50       		.byte	0x50
 1724 002a 09000000 		.4byte	.LVL21-1
 1725 002e 8A000000 		.4byte	.LVL41
 1726 0032 0100     		.2byte	0x1
 1727 0034 55       		.byte	0x55
 1728 0035 8A000000 		.4byte	.LVL41
 1729 0039 A0000000 		.4byte	.LFE66
 1730 003d 0400     		.2byte	0x4
 1731 003f F3       		.byte	0xf3
 1732 0040 01       		.uleb128 0x1
 1733 0041 50       		.byte	0x50
 1734 0042 9F       		.byte	0x9f
 1735 0043 00000000 		.4byte	0
 1736 0047 00000000 		.4byte	0
 1737              	.LLST2:
 1738 004b 00000000 		.4byte	.LVL20
 1739 004f 09000000 		.4byte	.LVL21-1
 1740 0053 0100     		.2byte	0x1
 1741 0055 51       		.byte	0x51
 1742 0056 09000000 		.4byte	.LVL21-1
 1743 005a A0000000 		.4byte	.LFE66
 1744 005e 0400     		.2byte	0x4
 1745 0060 F3       		.byte	0xf3
 1746 0061 01       		.uleb128 0x1
 1747 0062 51       		.byte	0x51
 1748 0063 9F       		.byte	0x9f
 1749 0064 00000000 		.4byte	0
 1750 0068 00000000 		.4byte	0
 1751              	.LLST3:
 1752 006c 2C000000 		.4byte	.LVL26
 1753 0070 6A000000 		.4byte	.LVL35
 1754 0074 0100     		.2byte	0x1
 1755 0076 54       		.byte	0x54
 1756 0077 00000000 		.4byte	0
 1757 007b 00000000 		.4byte	0
 1758              	.LLST4:
 1759 007f 32000000 		.4byte	.LVL27
 1760 0083 3F000000 		.4byte	.LVL28-1
 1761 0087 0100     		.2byte	0x1
 1762 0089 52       		.byte	0x52
 1763 008a 00000000 		.4byte	0
 1764 008e 00000000 		.4byte	0
 1765              		.section	.debug_aranges,"",%progbits
ARM GAS  C:\Users\bkettle\AppData\Local\Temp\ccxTZnPR.s 			page 34


 1766 0000 34000000 		.4byte	0x34
 1767 0004 0200     		.2byte	0x2
 1768 0006 00000000 		.4byte	.Ldebug_info0
 1769 000a 04       		.byte	0x4
 1770 000b 00       		.byte	0
 1771 000c 0000     		.2byte	0
 1772 000e 0000     		.2byte	0
 1773 0010 00000000 		.4byte	.LFB63
 1774 0014 50000000 		.4byte	.LFE63-.LFB63
 1775 0018 00000000 		.4byte	.LFB64
 1776 001c 2C000000 		.4byte	.LFE64-.LFB64
 1777 0020 00000000 		.4byte	.LFB65
 1778 0024 60000000 		.4byte	.LFE65-.LFB65
 1779 0028 00000000 		.4byte	.LFB66
 1780 002c A0000000 		.4byte	.LFE66-.LFB66
 1781 0030 00000000 		.4byte	0
 1782 0034 00000000 		.4byte	0
 1783              		.section	.debug_ranges,"",%progbits
 1784              	.Ldebug_ranges0:
 1785 0000 00000000 		.4byte	.LFB63
 1786 0004 50000000 		.4byte	.LFE63
 1787 0008 00000000 		.4byte	.LFB64
 1788 000c 2C000000 		.4byte	.LFE64
 1789 0010 00000000 		.4byte	.LFB65
 1790 0014 60000000 		.4byte	.LFE65
 1791 0018 00000000 		.4byte	.LFB66
 1792 001c A0000000 		.4byte	.LFE66
 1793 0020 00000000 		.4byte	0
 1794 0024 00000000 		.4byte	0
 1795              		.section	.debug_line,"",%progbits
 1796              	.Ldebug_line0:
 1797 0000 BB020000 		.section	.debug_str,"MS",%progbits,1
 1797      02000A02 
 1797      00000201 
 1797      FB0E0D00 
 1797      01010101 
 1798              	.LASF40:
 1799 0000 55534246 		.ascii	"USBFS_1_Start\000"
 1799      535F315F 
 1799      53746172 
 1799      7400
 1800              	.LASF35:
 1801 000e 4C45445F 		.ascii	"LED_Write\000"
 1801      57726974 
 1801      6500
 1802              	.LASF9:
 1803 0018 5F5F696E 		.ascii	"__int32_t\000"
 1803      7433325F 
 1803      7400
 1804              	.LASF27:
 1805 0022 64726177 		.ascii	"draw\000"
 1805      00
 1806              	.LASF3:
 1807 0027 73686F72 		.ascii	"short unsigned int\000"
 1807      7420756E 
 1807      7369676E 
 1807      65642069 
ARM GAS  C:\Users\bkettle\AppData\Local\Temp\ccxTZnPR.s 			page 35


 1807      6E7400
 1808              	.LASF8:
 1809 003a 756E7369 		.ascii	"unsigned int\000"
 1809      676E6564 
 1809      20696E74 
 1809      00
 1810              	.LASF36:
 1811 0047 64697370 		.ascii	"display_clear\000"
 1811      6C61795F 
 1811      636C6561 
 1811      7200
 1812              	.LASF34:
 1813 0055 55534246 		.ascii	"USBFS_1_LoadInEP\000"
 1813      535F315F 
 1813      4C6F6164 
 1813      496E4550 
 1813      00
 1814              	.LASF13:
 1815 0066 666C6F61 		.ascii	"float\000"
 1815      7400
 1816              	.LASF0:
 1817 006c 7369676E 		.ascii	"signed char\000"
 1817      65642063 
 1817      68617200 
 1818              	.LASF24:
 1819 0078 4B425F54 		.ascii	"KB_TypeString\000"
 1819      79706553 
 1819      7472696E 
 1819      6700
 1820              	.LASF1:
 1821 0086 756E7369 		.ascii	"unsigned char\000"
 1821      676E6564 
 1821      20636861 
 1821      7200
 1822              	.LASF44:
 1823 0094 474E5520 		.ascii	"GNU C11 5.4.1 20160609 (release) [ARM/embedded-5-br"
 1823      43313120 
 1823      352E342E 
 1823      31203230 
 1823      31363036 
 1824 00c7 616E6368 		.ascii	"anch revision 237715] -mcpu=cortex-m3 -mthumb -g -O"
 1824      20726576 
 1824      6973696F 
 1824      6E203233 
 1824      37373135 
 1825 00fa 67202D66 		.ascii	"g -ffunction-sections -ffat-lto-objects\000"
 1825      66756E63 
 1825      74696F6E 
 1825      2D736563 
 1825      74696F6E 
 1826              	.LASF45:
 1827 0122 706B5F6B 		.ascii	"pk_keyboard.c\000"
 1827      6579626F 
 1827      6172642E 
 1827      6300
 1828              	.LASF5:
 1829 0130 6C6F6E67 		.ascii	"long unsigned int\000"
ARM GAS  C:\Users\bkettle\AppData\Local\Temp\ccxTZnPR.s 			page 36


 1829      20756E73 
 1829      69676E65 
 1829      6420696E 
 1829      7400
 1830              	.LASF28:
 1831 0142 73686966 		.ascii	"shifted_ascii\000"
 1831      7465645F 
 1831      61736369 
 1831      6900
 1832              	.LASF32:
 1833 0150 61736369 		.ascii	"ascii_to_hid\000"
 1833      695F746F 
 1833      5F686964 
 1833      00
 1834              	.LASF37:
 1835 015d 6766785F 		.ascii	"gfx_setCursor\000"
 1835      73657443 
 1835      7572736F 
 1835      7200
 1836              	.LASF41:
 1837 016b 55534246 		.ascii	"USBFS_1_GetConfiguration\000"
 1837      535F315F 
 1837      47657443 
 1837      6F6E6669 
 1837      67757261 
 1838              	.LASF14:
 1839 0184 646F7562 		.ascii	"double\000"
 1839      6C6500
 1840              	.LASF2:
 1841 018b 73686F72 		.ascii	"short int\000"
 1841      7420696E 
 1841      7400
 1842              	.LASF39:
 1843 0195 64697370 		.ascii	"display_update\000"
 1843      6C61795F 
 1843      75706461 
 1843      746500
 1844              	.LASF22:
 1845 01a4 4B425F49 		.ascii	"KB_Initialize\000"
 1845      6E697469 
 1845      616C697A 
 1845      6500
 1846              	.LASF12:
 1847 01b2 696E7438 		.ascii	"int8\000"
 1847      00
 1848              	.LASF29:
 1849 01b7 49544D5F 		.ascii	"ITM_RxBuffer\000"
 1849      52784275 
 1849      66666572 
 1849      00
 1850              	.LASF18:
 1851 01c4 75707065 		.ascii	"uppercase\000"
 1851      72636173 
 1851      6500
 1852              	.LASF42:
 1853 01ce 7374726C 		.ascii	"strlen\000"
 1853      656E00
ARM GAS  C:\Users\bkettle\AppData\Local\Temp\ccxTZnPR.s 			page 37


 1854              	.LASF7:
 1855 01d5 6C6F6E67 		.ascii	"long long unsigned int\000"
 1855      206C6F6E 
 1855      6720756E 
 1855      7369676E 
 1855      65642069 
 1856              	.LASF21:
 1857 01ec 61736369 		.ascii	"ascii_test\000"
 1857      695F7465 
 1857      737400
 1858              	.LASF10:
 1859 01f7 696E7433 		.ascii	"int32_t\000"
 1859      325F7400 
 1860              	.LASF17:
 1861 01ff 73697A65 		.ascii	"sizetype\000"
 1861      74797065 
 1861      00
 1862              	.LASF33:
 1863 0208 55534246 		.ascii	"USBFS_1_GetEPAckState\000"
 1863      535F315F 
 1863      47657445 
 1863      5041636B 
 1863      53746174 
 1864              	.LASF6:
 1865 021e 6C6F6E67 		.ascii	"long long int\000"
 1865      206C6F6E 
 1865      6720696E 
 1865      7400
 1866              	.LASF15:
 1867 022c 63686172 		.ascii	"char\000"
 1867      00
 1868              	.LASF30:
 1869 0231 4B425F49 		.ascii	"KB_Initialized\000"
 1869      6E697469 
 1869      616C697A 
 1869      656400
 1870              	.LASF20:
 1871 0240 6869645F 		.ascii	"hid_usage\000"
 1871      75736167 
 1871      6500
 1872              	.LASF38:
 1873 024a 6766785F 		.ascii	"gfx_println\000"
 1873      7072696E 
 1873      746C6E00 
 1874              	.LASF11:
 1875 0256 75696E74 		.ascii	"uint8\000"
 1875      3800
 1876              	.LASF26:
 1877 025c 7374725F 		.ascii	"str_to_type\000"
 1877      746F5F74 
 1877      79706500 
 1878              	.LASF4:
 1879 0268 6C6F6E67 		.ascii	"long int\000"
 1879      20696E74 
 1879      00
 1880              	.LASF16:
 1881 0271 6C6F6E67 		.ascii	"long double\000"
ARM GAS  C:\Users\bkettle\AppData\Local\Temp\ccxTZnPR.s 			page 38


 1881      20646F75 
 1881      626C6500 
 1882              	.LASF25:
 1883 027d 6869645F 		.ascii	"hid_id\000"
 1883      696400
 1884              	.LASF23:
 1885 0284 4B425F54 		.ascii	"KB_TypeChar\000"
 1885      79706543 
 1885      68617200 
 1886              	.LASF19:
 1887 0290 5F426F6F 		.ascii	"_Bool\000"
 1887      6C00
 1888              	.LASF46:
 1889 0296 433A5C55 		.ascii	"C:\\Users\\bkettle\\OneDrive\\School\\6.115\\projec"
 1889      73657273 
 1889      5C626B65 
 1889      74746C65 
 1889      5C4F6E65 
 1890 02c3 745C7073 		.ascii	"t\\psoc\\Password Keeper\\Complete.cydsn\000"
 1890      6F635C50 
 1890      61737377 
 1890      6F726420 
 1890      4B656570 
 1891              	.LASF43:
 1892 02e9 43794465 		.ascii	"CyDelay\000"
 1892      6C617900 
 1893              	.LASF31:
 1894 02f1 4B425F44 		.ascii	"KB_Data\000"
 1894      61746100 
 1895              		.ident	"GCC: (GNU Tools for ARM Embedded Processors) 5.4.1 20160609 (release) [ARM/embedded-5-bran
