ARM GAS  C:\Users\bkettle\AppData\Local\Temp\cc3BQt16.s 			page 1


   1              		.syntax unified
   2              		.cpu cortex-m3
   3              		.fpu softvfp
   4              		.eabi_attribute 20, 1
   5              		.eabi_attribute 21, 1
   6              		.eabi_attribute 23, 3
   7              		.eabi_attribute 24, 1
   8              		.eabi_attribute 25, 1
   9              		.eabi_attribute 26, 1
  10              		.eabi_attribute 30, 1
  11              		.eabi_attribute 34, 1
  12              		.eabi_attribute 18, 4
  13              		.thumb
  14              		.syntax unified
  15              		.file	"pk_record.c"
  16              		.text
  17              	.Ltext0:
  18              		.cfi_sections	.debug_frame
  19              		.global	record_size
  20              		.data
  21              		.align	2
  22              		.type	record_size, %object
  23              		.size	record_size, 4
  24              	record_size:
  25 0000 60000000 		.word	96
  26              		.text
  27              	.Letext0:
  28              		.file 1 "pk_record.c"
  29              		.section	.debug_info,"",%progbits
  30              	.Ldebug_info0:
  31 0000 32000000 		.4byte	0x32
  32 0004 0400     		.2byte	0x4
  33 0006 00000000 		.4byte	.Ldebug_abbrev0
  34 000a 04       		.byte	0x4
  35 000b 01       		.uleb128 0x1
  36 000c 0C000000 		.4byte	.LASF0
  37 0010 0C       		.byte	0xc
  38 0011 00000000 		.4byte	.LASF1
  39 0015 9A000000 		.4byte	.LASF2
  40 0019 00000000 		.4byte	.Ldebug_line0
  41 001d 02       		.uleb128 0x2
  42 001e ED000000 		.4byte	.LASF3
  43 0022 01       		.byte	0x1
  44 0023 07       		.byte	0x7
  45 0024 2E000000 		.4byte	0x2e
  46 0028 05       		.uleb128 0x5
  47 0029 03       		.byte	0x3
  48 002a 00000000 		.4byte	record_size
  49 002e 03       		.uleb128 0x3
  50 002f 04       		.byte	0x4
  51 0030 05       		.byte	0x5
  52 0031 696E7400 		.ascii	"int\000"
  53 0035 00       		.byte	0
  54              		.section	.debug_abbrev,"",%progbits
  55              	.Ldebug_abbrev0:
  56 0000 01       		.uleb128 0x1
  57 0001 11       		.uleb128 0x11
ARM GAS  C:\Users\bkettle\AppData\Local\Temp\cc3BQt16.s 			page 2


  58 0002 01       		.byte	0x1
  59 0003 25       		.uleb128 0x25
  60 0004 0E       		.uleb128 0xe
  61 0005 13       		.uleb128 0x13
  62 0006 0B       		.uleb128 0xb
  63 0007 03       		.uleb128 0x3
  64 0008 0E       		.uleb128 0xe
  65 0009 1B       		.uleb128 0x1b
  66 000a 0E       		.uleb128 0xe
  67 000b 10       		.uleb128 0x10
  68 000c 17       		.uleb128 0x17
  69 000d 00       		.byte	0
  70 000e 00       		.byte	0
  71 000f 02       		.uleb128 0x2
  72 0010 34       		.uleb128 0x34
  73 0011 00       		.byte	0
  74 0012 03       		.uleb128 0x3
  75 0013 0E       		.uleb128 0xe
  76 0014 3A       		.uleb128 0x3a
  77 0015 0B       		.uleb128 0xb
  78 0016 3B       		.uleb128 0x3b
  79 0017 0B       		.uleb128 0xb
  80 0018 49       		.uleb128 0x49
  81 0019 13       		.uleb128 0x13
  82 001a 3F       		.uleb128 0x3f
  83 001b 19       		.uleb128 0x19
  84 001c 02       		.uleb128 0x2
  85 001d 18       		.uleb128 0x18
  86 001e 00       		.byte	0
  87 001f 00       		.byte	0
  88 0020 03       		.uleb128 0x3
  89 0021 24       		.uleb128 0x24
  90 0022 00       		.byte	0
  91 0023 0B       		.uleb128 0xb
  92 0024 0B       		.uleb128 0xb
  93 0025 3E       		.uleb128 0x3e
  94 0026 0B       		.uleb128 0xb
  95 0027 03       		.uleb128 0x3
  96 0028 08       		.uleb128 0x8
  97 0029 00       		.byte	0
  98 002a 00       		.byte	0
  99 002b 00       		.byte	0
 100              		.section	.debug_aranges,"",%progbits
 101 0000 14000000 		.4byte	0x14
 102 0004 0200     		.2byte	0x2
 103 0006 00000000 		.4byte	.Ldebug_info0
 104 000a 04       		.byte	0x4
 105 000b 00       		.byte	0
 106 000c 0000     		.2byte	0
 107 000e 0000     		.2byte	0
 108 0010 00000000 		.4byte	0
 109 0014 00000000 		.4byte	0
 110              		.section	.debug_line,"",%progbits
 111              	.Ldebug_line0:
 112 0000 28000000 		.section	.debug_str,"MS",%progbits,1
 112      02002200 
 112      00000201 
ARM GAS  C:\Users\bkettle\AppData\Local\Temp\cc3BQt16.s 			page 3


 112      FB0E0D00 
 112      01010101 
 113              	.LASF1:
 114 0000 706B5F72 		.ascii	"pk_record.c\000"
 114      65636F72 
 114      642E6300 
 115              	.LASF0:
 116 000c 474E5520 		.ascii	"GNU C11 5.4.1 20160609 (release) [ARM/embedded-5-br"
 116      43313120 
 116      352E342E 
 116      31203230 
 116      31363036 
 117 003f 616E6368 		.ascii	"anch revision 237715] -mcpu=cortex-m3 -mthumb -g -O"
 117      20726576 
 117      6973696F 
 117      6E203233 
 117      37373135 
 118 0072 67202D66 		.ascii	"g -ffunction-sections -ffat-lto-objects\000"
 118      66756E63 
 118      74696F6E 
 118      2D736563 
 118      74696F6E 
 119              	.LASF2:
 120 009a 433A5C55 		.ascii	"C:\\Users\\bkettle\\OneDrive\\School\\6.115\\projec"
 120      73657273 
 120      5C626B65 
 120      74746C65 
 120      5C4F6E65 
 121 00c7 745C7073 		.ascii	"t\\psoc\\Password Keeper\\Complete.cydsn\000"
 121      6F635C50 
 121      61737377 
 121      6F726420 
 121      4B656570 
 122              	.LASF3:
 123 00ed 7265636F 		.ascii	"record_size\000"
 123      72645F73 
 123      697A6500 
 124              		.ident	"GCC: (GNU Tools for ARM Embedded Processors) 5.4.1 20160609 (release) [ARM/embedded-5-bran
